\BOOKMARK [0][-]{chapter*.2}{\376\377\000L\000I\000S\000T\000\040\000O\000F\000\040\000F\000I\000G\000U\000R\000E\000S}{}% 1
\BOOKMARK [0][-]{chapter.1}{\376\377\0001\000\040\000R\000e\000p\000r\000e\000s\000e\000n\000t\000a\000t\000i\000o\000n\000\040\000T\000h\000e\000o\000r\000y}{}% 2
\BOOKMARK [1][-]{section.1.1}{\376\377\0001\000.\0001\000\040\000I\000n\000t\000r\000o\000d\000u\000c\000t\000i\000o\000n\000\040\000t\000o\000\040\000R\000e\000p\000r\000e\000s\000e\000n\000t\000a\000t\000i\000o\000n\000s}{chapter.1}% 3
\BOOKMARK [1][-]{section.1.2}{\376\377\0001\000.\0002\000\040\000D\000e\000c\000o\000m\000p\000o\000s\000i\000n\000g\000\040\000a\000n\000d\000\040\000C\000h\000a\000r\000a\000c\000t\000e\000r\000i\000z\000i\000n\000g\000\040\000R\000e\000p\000r\000e\000s\000e\000n\000t\000a\000t\000i\000o\000n\000s}{chapter.1}% 4
\BOOKMARK [1][-]{section.1.3}{\376\377\0001\000.\0003\000\040\000U\000n\000i\000t\000a\000r\000y\000\040\000R\000e\000p\000r\000e\000s\000e\000n\000t\000a\000t\000i\000o\000n\000s}{chapter.1}% 5
\BOOKMARK [1][-]{section.1.4}{\376\377\0001\000.\0004\000\040\000I\000r\000r\000e\000d\000u\000c\000i\000b\000l\000e\000\040\000C\000h\000a\000r\000a\000c\000t\000e\000r\000s\000\040\000a\000n\000d\000\040\000t\000h\000e\000\040\000R\000e\000g\000u\000l\000a\000r\000\040\000R\000e\000p\000r\000e\000s\000e\000n\000t\000a\000t\000i\000o\000n}{chapter.1}% 6
\BOOKMARK [1][-]{section.1.5}{\376\377\0001\000.\0005\000\040\000C\000o\000m\000p\000l\000e\000t\000e\000n\000e\000s\000s\000\040\000C\000o\000n\000d\000i\000t\000i\000o\000n\000s\000\040\000f\000o\000r\000\040\000I\000r\000r\000e\000d\000u\000c\000i\000b\000l\000e\000\040\000R\000e\000p\000r\000e\000s\000e\000n\000t\000a\000t\000i\000o\000n\000s\000\040\000a\000n\000d\000\040\000C\000h\000a\000r\000a\000c\000t\000e\000r\000s}{chapter.1}% 7
\BOOKMARK [1][-]{section.1.6}{\376\377\0001\000.\0006\000\040\000R\000e\000p\000r\000e\000s\000e\000n\000t\000a\000t\000i\000o\000n\000s\000\040\000o\000n\000\040\000G\000r\000o\000u\000p\000s\000\040\000o\000n\000\040\000I\000n\000f\000i\000n\000i\000t\000e\000-\000D\000i\000m\000e\000n\000s\000i\000o\000n\000a\000l\000\040\000V\000e\000c\000t\000o\000r\000\040\000S\000p\000a\000c\000e\000s}{chapter.1}% 8
\BOOKMARK [0][-]{chapter.2}{\376\377\0002\000\040\000S\000O\000\050\0002\000\051\000:\000\040\000T\000h\000e\000\040\000R\000o\000t\000a\000t\000i\000o\000n\000\040\000G\000r\000o\000u\000p\000\040\000i\000n\000\040\000T\000w\000o\000\040\000D\000i\000m\000e\000n\000s\000i\000o\000n\000s}{}% 9
\BOOKMARK [1][-]{section.2.1}{\376\377\0002\000.\0001\000\040\000C\000o\000n\000s\000t\000r\000u\000c\000t\000i\000o\000n\000\040\000a\000n\000d\000\040\000P\000r\000o\000p\000e\000r\000t\000i\000e\000s}{chapter.2}% 10
\BOOKMARK [1][-]{section.2.2}{\376\377\0002\000.\0002\000\040\000I\000r\000r\000e\000d\000u\000c\000i\000b\000l\000e\000\040\000R\000e\000p\000r\000e\000s\000e\000n\000t\000a\000t\000i\000o\000n\000s\000\040\000f\000o\000r\000\040\000S\000O\000\050\0002\000\051}{chapter.2}% 11
\BOOKMARK [0][-]{chapter.3}{\376\377\0003\000\040\000S\000O\000\050\0003\000\051\000:\000\040\000T\000h\000e\000\040\000R\000o\000t\000a\000t\000i\000o\000n\000\040\000G\000r\000o\000u\000p\000\040\000i\000n\000\040\000T\000h\000r\000e\000e\000\040\000D\000i\000m\000e\000n\000s\000i\000o\000n\000s}{}% 12
\BOOKMARK [1][-]{section.3.1}{\376\377\0003\000.\0001\000\040\000C\000o\000n\000s\000t\000r\000u\000c\000t\000i\000o\000n\000\040\000a\000n\000d\000\040\000P\000r\000o\000p\000e\000r\000t\000i\000e\000s}{chapter.3}% 13
\BOOKMARK [1][-]{section.3.2}{\376\377\0003\000.\0002\000\040\000I\000r\000r\000e\000d\000u\000c\000i\000b\000l\000e\000\040\000R\000e\000p\000r\000e\000s\000e\000n\000t\000a\000t\000i\000o\000n\000s\000\040\000o\000f\000\040\000S\000O\000\050\0003\000\051}{chapter.3}% 14
\BOOKMARK [0][-]{chapter.4}{\376\377\0004\000\040\000T\000h\000e\000\040\000E\000u\000c\000l\000i\000d\000e\000a\000n\000\040\000G\000r\000o\000u\000p\000\040\000i\000n\000\040\000T\000w\000o\000\040\000a\000n\000d\000\040\000T\000h\000r\000e\000e\000\040\000D\000i\000m\000e\000n\000s\000i\000o\000n\000s}{}% 15
\BOOKMARK [1][-]{section.4.1}{\376\377\0004\000.\0001\000\040\000C\000o\000n\000s\000t\000r\000u\000c\000t\000i\000o\000n\000\040\000a\000n\000d\000\040\000P\000r\000o\000p\000e\000r\000t\000i\000e\000s\000\040\000o\000f\000\040\000E\0002}{chapter.4}% 16
\BOOKMARK [1][-]{section.4.2}{\376\377\0004\000.\0002\000\040\000I\000r\000r\000e\000d\000u\000c\000i\000b\000l\000e\000\040\000R\000e\000p\000r\000e\000s\000e\000n\000t\000a\000t\000i\000o\000n\000s\000\040\000o\000f\000\040\000E\0002}{chapter.4}% 17
\BOOKMARK [1][-]{section.4.3}{\376\377\0004\000.\0003\000\040\000C\000o\000n\000s\000t\000r\000u\000c\000t\000i\000o\000n\000\040\000o\000f\000\040\000E\0003\000\040\000a\000n\000d\000\040\000i\000t\000s\000\040\000I\000r\000r\000e\000d\000u\000c\000i\000b\000l\000e\000\040\000R\000e\000p\000r\000e\000s\000e\000n\000t\000a\000t\000i\000o\000n\000s}{chapter.4}% 18
\BOOKMARK [0][-]{chapter.5}{\376\377\0005\000\040\000T\000h\000e\000\040\000L\000o\000r\000e\000n\000t\000z\000\040\000a\000n\000d\000\040\000P\000o\000i\000n\000c\000a\000r\000\351\000\040\000G\000r\000o\000u\000p\000s}{}% 19
\BOOKMARK [1][-]{section.5.1}{\376\377\0005\000.\0001\000\040\000C\000o\000n\000s\000t\000r\000u\000c\000t\000i\000o\000n\000\040\000a\000n\000d\000\040\000B\000a\000s\000i\000c\000\040\000P\000r\000o\000p\000e\000r\000t\000i\000e\000s}{chapter.5}% 20
\BOOKMARK [1][-]{section.5.2}{\376\377\0005\000.\0002\000\040\000I\000r\000r\000e\000d\000u\000c\000i\000b\000l\000e\000\040\000R\000e\000p\000r\000e\000s\000e\000n\000t\000a\000t\000i\000o\000n\000s\000\040\000o\000f\000\040\000T\000h\000e\000\040\000P\000o\000i\000n\000c\000a\000r\000\351\000\040\000G\000r\000o\000u\000p}{chapter.5}% 21
\BOOKMARK [0][-]{chapter.6}{\376\377\0006\000\040\000T\000h\000e\000\040\000B\000r\000a\000i\000d\000\040\000G\000r\000o\000u\000p\000\040\000a\000n\000d\000\040\000A\000n\000y\000o\000n\000s}{}% 22
\BOOKMARK [1][-]{section.6.1}{\376\377\0006\000.\0001\000\040\000C\000o\000n\000s\000t\000r\000u\000c\000t\000i\000o\000n\000\040\000o\000f\000\040\000t\000h\000e\000\040\000B\000r\000a\000i\000d\000\040\000G\000r\000o\000u\000p}{chapter.6}% 23
\BOOKMARK [1][-]{section.6.2}{\376\377\0006\000.\0002\000\040\000T\000h\000e\000\040\000B\000u\000r\000a\000u\000\040\000R\000e\000p\000r\000e\000s\000e\000n\000t\000a\000t\000i\000o\000n}{chapter.6}% 24
\BOOKMARK [1][-]{section.6.3}{\376\377\0006\000.\0003\000\040\000A\000n\000y\000o\000n\000s\000\040\000a\000n\000d\000\040\000t\000h\000e\000i\000r\000\040\000R\000e\000l\000a\000t\000i\000o\000n\000\040\000t\000o\000\040\000t\000h\000e\000\040\000B\000r\000a\000i\000d\000\040\000G\000r\000o\000u\000p}{chapter.6}% 25
\BOOKMARK [0][-]{chapter*.3}{\376\377\000B\000I\000B\000L\000I\000O\000G\000R\000A\000P\000H\000Y}{}% 26
