This is pdfTeX, Version 3.141592653-2.6-1.40.26 (TeX Live 2024) (preloaded format=pdflatex 2024.6.25)  28 AUG 2024 16:01
entering extended mode
 restricted \write18 enabled.
 %&-line parsing enabled.
**442ApplicationsofGeometry.tex
(./442ApplicationsofGeometry.tex
LaTeX2e <2024-06-01> patch level 1
L3 programming layer <2024-05-27>
(c:/texlive/2024/texmf-dist/tex/latex/beamer/beamer.cls
Document Class: beamer 2024/01/06 v3.71 A class for typesetting presentations
(c:/texlive/2024/texmf-dist/tex/latex/beamer/beamerbasemodes.sty
(c:/texlive/2024/texmf-dist/tex/latex/etoolbox/etoolbox.sty
Package: etoolbox 2020/10/05 v2.5k e-TeX tools for LaTeX (JAW)
\etb@tempcnta=\count194
)
\beamer@tempbox=\box52
\beamer@tempcount=\count195
\c@beamerpauses=\count196

(c:/texlive/2024/texmf-dist/tex/latex/beamer/beamerbasedecode.sty
\beamer@slideinframe=\count197
\beamer@minimum=\count198
\beamer@decode@box=\box53
)
\beamer@commentbox=\box54
\beamer@modecount=\count199
)
(c:/texlive/2024/texmf-dist/tex/generic/iftex/iftex.sty
Package: iftex 2022/02/03 v1.0f TeX engine tests
)
\headdp=\dimen141
\footheight=\dimen142
\sidebarheight=\dimen143
\beamer@tempdim=\dimen144
\beamer@finalheight=\dimen145
\beamer@animht=\dimen146
\beamer@animdp=\dimen147
\beamer@animwd=\dimen148
\beamer@leftmargin=\dimen149
\beamer@rightmargin=\dimen150
\beamer@leftsidebar=\dimen151
\beamer@rightsidebar=\dimen152
\beamer@boxsize=\dimen153
\beamer@vboxoffset=\dimen154
\beamer@descdefault=\dimen155
\beamer@descriptionwidth=\dimen156
\beamer@lastskip=\skip49
\beamer@areabox=\box55
\beamer@animcurrent=\box56
\beamer@animshowbox=\box57
\beamer@sectionbox=\box58
\beamer@logobox=\box59
\beamer@linebox=\box60
\beamer@sectioncount=\count266
\beamer@subsubsectionmax=\count267
\beamer@subsectionmax=\count268
\beamer@sectionmax=\count269
\beamer@totalheads=\count270
\beamer@headcounter=\count271
\beamer@partstartpage=\count272
\beamer@sectionstartpage=\count273
\beamer@subsectionstartpage=\count274
\beamer@animationtempa=\count275
\beamer@animationtempb=\count276
\beamer@xpos=\count277
\beamer@ypos=\count278
\beamer@ypos@offset=\count279
\beamer@showpartnumber=\count280
\beamer@currentsubsection=\count281
\beamer@coveringdepth=\count282
\beamer@sectionadjust=\count283
\beamer@toclastsection=\count284
\beamer@tocsectionnumber=\count285

(c:/texlive/2024/texmf-dist/tex/latex/beamer/beamerbaseoptions.sty
(c:/texlive/2024/texmf-dist/tex/latex/graphics/keyval.sty
Package: keyval 2022/05/29 v1.15 key=value parser (DPC)
\KV@toks@=\toks17
))
\beamer@paperwidth=\skip50
\beamer@paperheight=\skip51

(c:/texlive/2024/texmf-dist/tex/latex/geometry/geometry.sty
Package: geometry 2020/01/02 v5.9 Page Geometry

(c:/texlive/2024/texmf-dist/tex/generic/iftex/ifvtex.sty
Package: ifvtex 2019/10/25 v1.7 ifvtex legacy package. Use iftex instead.
)
\Gm@cnth=\count286
\Gm@cntv=\count287
\c@Gm@tempcnt=\count288
\Gm@bindingoffset=\dimen157
\Gm@wd@mp=\dimen158
\Gm@odd@mp=\dimen159
\Gm@even@mp=\dimen160
\Gm@layoutwidth=\dimen161
\Gm@layoutheight=\dimen162
\Gm@layouthoffset=\dimen163
\Gm@layoutvoffset=\dimen164
\Gm@dimlist=\toks18
)
(c:/texlive/2024/texmf-dist/tex/latex/pgf/math/pgfmath.sty
(c:/texlive/2024/texmf-dist/tex/latex/pgf/utilities/pgfrcs.sty
(c:/texlive/2024/texmf-dist/tex/generic/pgf/utilities/pgfutil-common.tex
\pgfutil@everybye=\toks19
\pgfutil@tempdima=\dimen165
\pgfutil@tempdimb=\dimen166
)
(c:/texlive/2024/texmf-dist/tex/generic/pgf/utilities/pgfutil-latex.def
\pgfutil@abb=\box61
)
(c:/texlive/2024/texmf-dist/tex/generic/pgf/utilities/pgfrcs.code.tex
(c:/texlive/2024/texmf-dist/tex/generic/pgf/pgf.revision.tex)
Package: pgfrcs 2023-01-15 v3.1.10 (3.1.10)
))
(c:/texlive/2024/texmf-dist/tex/latex/pgf/utilities/pgfkeys.sty
(c:/texlive/2024/texmf-dist/tex/generic/pgf/utilities/pgfkeys.code.tex
\pgfkeys@pathtoks=\toks20
\pgfkeys@temptoks=\toks21

(c:/texlive/2024/texmf-dist/tex/generic/pgf/utilities/pgfkeyslibraryfiltered.co
de.tex
\pgfkeys@tmptoks=\toks22
))) (c:/texlive/2024/texmf-dist/tex/generic/pgf/math/pgfmath.code.tex
(c:/texlive/2024/texmf-dist/tex/generic/pgf/math/pgfmathutil.code.tex
\pgf@x=\dimen167
\pgf@xa=\dimen168
\pgf@xb=\dimen169
\pgf@xc=\dimen170
\pgf@y=\dimen171
\pgf@ya=\dimen172
\pgf@yb=\dimen173
\pgf@yc=\dimen174
\c@pgf@counta=\count289
\c@pgf@countb=\count290
\c@pgf@countc=\count291
\c@pgf@countd=\count292
)
(c:/texlive/2024/texmf-dist/tex/generic/pgf/math/pgfmathparser.code.tex
\pgfmath@dimen=\dimen175
\pgfmath@count=\count293
\pgfmath@box=\box62
\pgfmath@toks=\toks23
\pgfmath@stack@operand=\toks24
\pgfmath@stack@operation=\toks25
)
(c:/texlive/2024/texmf-dist/tex/generic/pgf/math/pgfmathfunctions.code.tex)
(c:/texlive/2024/texmf-dist/tex/generic/pgf/math/pgfmathfunctions.basic.code.te
x)
(c:/texlive/2024/texmf-dist/tex/generic/pgf/math/pgfmathfunctions.trigonometric
.code.tex)
(c:/texlive/2024/texmf-dist/tex/generic/pgf/math/pgfmathfunctions.random.code.t
ex)
(c:/texlive/2024/texmf-dist/tex/generic/pgf/math/pgfmathfunctions.comparison.co
de.tex)
(c:/texlive/2024/texmf-dist/tex/generic/pgf/math/pgfmathfunctions.base.code.tex
)
(c:/texlive/2024/texmf-dist/tex/generic/pgf/math/pgfmathfunctions.round.code.te
x)
(c:/texlive/2024/texmf-dist/tex/generic/pgf/math/pgfmathfunctions.misc.code.tex
)
(c:/texlive/2024/texmf-dist/tex/generic/pgf/math/pgfmathfunctions.integerarithm
etics.code.tex)
(c:/texlive/2024/texmf-dist/tex/generic/pgf/math/pgfmathcalc.code.tex)
(c:/texlive/2024/texmf-dist/tex/generic/pgf/math/pgfmathfloat.code.tex
\c@pgfmathroundto@lastzeros=\count294
)))
(c:/texlive/2024/texmf-dist/tex/latex/base/size10.clo
File: size10.clo 2024/02/08 v1.4n Standard LaTeX file (size option)
)
(c:/texlive/2024/texmf-dist/tex/latex/pgf/basiclayer/pgfcore.sty
(c:/texlive/2024/texmf-dist/tex/latex/graphics/graphicx.sty
Package: graphicx 2021/09/16 v1.2d Enhanced LaTeX Graphics (DPC,SPQR)

(c:/texlive/2024/texmf-dist/tex/latex/graphics/graphics.sty
Package: graphics 2024/05/23 v1.4g Standard LaTeX Graphics (DPC,SPQR)

(c:/texlive/2024/texmf-dist/tex/latex/graphics/trig.sty
Package: trig 2023/12/02 v1.11 sin cos tan (DPC)
)
(c:/texlive/2024/texmf-dist/tex/latex/graphics-cfg/graphics.cfg
File: graphics.cfg 2016/06/04 v1.11 sample graphics configuration
)
Package graphics Info: Driver file: pdftex.def on input line 106.

(c:/texlive/2024/texmf-dist/tex/latex/graphics-def/pdftex.def
File: pdftex.def 2024/04/13 v1.2c Graphics/color driver for pdftex
))
\Gin@req@height=\dimen176
\Gin@req@width=\dimen177
)
(c:/texlive/2024/texmf-dist/tex/latex/pgf/systemlayer/pgfsys.sty
(c:/texlive/2024/texmf-dist/tex/generic/pgf/systemlayer/pgfsys.code.tex
Package: pgfsys 2023-01-15 v3.1.10 (3.1.10)
\pgf@x=\dimen178
\pgf@y=\dimen179
\pgf@xa=\dimen180
\pgf@ya=\dimen181
\pgf@xb=\dimen182
\pgf@yb=\dimen183
\pgf@xc=\dimen184
\pgf@yc=\dimen185
\pgf@xd=\dimen186
\pgf@yd=\dimen187
\w@pgf@writea=\write3
\r@pgf@reada=\read2
\c@pgf@counta=\count295
\c@pgf@countb=\count296
\c@pgf@countc=\count297
\c@pgf@countd=\count298
\t@pgf@toka=\toks26
\t@pgf@tokb=\toks27
\t@pgf@tokc=\toks28
\pgf@sys@id@count=\count299

(c:/texlive/2024/texmf-dist/tex/generic/pgf/systemlayer/pgf.cfg
File: pgf.cfg 2023-01-15 v3.1.10 (3.1.10)
)
Driver file for pgf: pgfsys-pdftex.def

(c:/texlive/2024/texmf-dist/tex/generic/pgf/systemlayer/pgfsys-pdftex.def
File: pgfsys-pdftex.def 2023-01-15 v3.1.10 (3.1.10)

(c:/texlive/2024/texmf-dist/tex/generic/pgf/systemlayer/pgfsys-common-pdf.def
File: pgfsys-common-pdf.def 2023-01-15 v3.1.10 (3.1.10)
)))
(c:/texlive/2024/texmf-dist/tex/generic/pgf/systemlayer/pgfsyssoftpath.code.tex
File: pgfsyssoftpath.code.tex 2023-01-15 v3.1.10 (3.1.10)
\pgfsyssoftpath@smallbuffer@items=\count300
\pgfsyssoftpath@bigbuffer@items=\count301
)
(c:/texlive/2024/texmf-dist/tex/generic/pgf/systemlayer/pgfsysprotocol.code.tex
File: pgfsysprotocol.code.tex 2023-01-15 v3.1.10 (3.1.10)
)) (c:/texlive/2024/texmf-dist/tex/latex/xcolor/xcolor.sty
Package: xcolor 2023/11/15 v3.01 LaTeX color extensions (UK)

(c:/texlive/2024/texmf-dist/tex/latex/graphics-cfg/color.cfg
File: color.cfg 2016/01/02 v1.6 sample color configuration
)

Package xcolor Warning: Package option `usenames' is obsolete and ignored on in
put line 266.

Package xcolor Info: Driver file: pdftex.def on input line 274.
(c:/texlive/2024/texmf-dist/tex/latex/graphics/mathcolor.ltx)
Package xcolor Info: Model `cmy' substituted by `cmy0' on input line 1350.
Package xcolor Info: Model `hsb' substituted by `rgb' on input line 1354.
Package xcolor Info: Model `RGB' extended on input line 1366.
Package xcolor Info: Model `HTML' substituted by `rgb' on input line 1368.
Package xcolor Info: Model `Hsb' substituted by `hsb' on input line 1369.
Package xcolor Info: Model `tHsb' substituted by `hsb' on input line 1370.
Package xcolor Info: Model `HSB' substituted by `hsb' on input line 1371.
Package xcolor Info: Model `Gray' substituted by `gray' on input line 1372.
Package xcolor Info: Model `wave' substituted by `hsb' on input line 1373.
)
(c:/texlive/2024/texmf-dist/tex/latex/graphics/dvipsnam.def
File: dvipsnam.def 2016/06/17 v3.0m Driver-dependent file (DPC,SPQR)
)
(c:/texlive/2024/texmf-dist/tex/generic/pgf/basiclayer/pgfcore.code.tex
Package: pgfcore 2023-01-15 v3.1.10 (3.1.10)

(c:/texlive/2024/texmf-dist/tex/generic/pgf/math/pgfint.code.tex)
(c:/texlive/2024/texmf-dist/tex/generic/pgf/basiclayer/pgfcorepoints.code.tex
File: pgfcorepoints.code.tex 2023-01-15 v3.1.10 (3.1.10)
\pgf@picminx=\dimen188
\pgf@picmaxx=\dimen189
\pgf@picminy=\dimen190
\pgf@picmaxy=\dimen191
\pgf@pathminx=\dimen192
\pgf@pathmaxx=\dimen193
\pgf@pathminy=\dimen194
\pgf@pathmaxy=\dimen195
\pgf@xx=\dimen196
\pgf@xy=\dimen197
\pgf@yx=\dimen198
\pgf@yy=\dimen199
\pgf@zx=\dimen256
\pgf@zy=\dimen257
)
(c:/texlive/2024/texmf-dist/tex/generic/pgf/basiclayer/pgfcorepathconstruct.cod
e.tex
File: pgfcorepathconstruct.code.tex 2023-01-15 v3.1.10 (3.1.10)
\pgf@path@lastx=\dimen258
\pgf@path@lasty=\dimen259
)
(c:/texlive/2024/texmf-dist/tex/generic/pgf/basiclayer/pgfcorepathusage.code.te
x
File: pgfcorepathusage.code.tex 2023-01-15 v3.1.10 (3.1.10)
\pgf@shorten@end@additional=\dimen260
\pgf@shorten@start@additional=\dimen261
)
(c:/texlive/2024/texmf-dist/tex/generic/pgf/basiclayer/pgfcorescopes.code.tex
File: pgfcorescopes.code.tex 2023-01-15 v3.1.10 (3.1.10)
\pgfpic=\box63
\pgf@hbox=\box64
\pgf@layerbox@main=\box65
\pgf@picture@serial@count=\count302
)
(c:/texlive/2024/texmf-dist/tex/generic/pgf/basiclayer/pgfcoregraphicstate.code
.tex
File: pgfcoregraphicstate.code.tex 2023-01-15 v3.1.10 (3.1.10)
\pgflinewidth=\dimen262
)
(c:/texlive/2024/texmf-dist/tex/generic/pgf/basiclayer/pgfcoretransformations.c
ode.tex
File: pgfcoretransformations.code.tex 2023-01-15 v3.1.10 (3.1.10)
\pgf@pt@x=\dimen263
\pgf@pt@y=\dimen264
\pgf@pt@temp=\dimen265
)
(c:/texlive/2024/texmf-dist/tex/generic/pgf/basiclayer/pgfcorequick.code.tex
File: pgfcorequick.code.tex 2023-01-15 v3.1.10 (3.1.10)
)
(c:/texlive/2024/texmf-dist/tex/generic/pgf/basiclayer/pgfcoreobjects.code.tex
File: pgfcoreobjects.code.tex 2023-01-15 v3.1.10 (3.1.10)
)
(c:/texlive/2024/texmf-dist/tex/generic/pgf/basiclayer/pgfcorepathprocessing.co
de.tex
File: pgfcorepathprocessing.code.tex 2023-01-15 v3.1.10 (3.1.10)
)
(c:/texlive/2024/texmf-dist/tex/generic/pgf/basiclayer/pgfcorearrows.code.tex
File: pgfcorearrows.code.tex 2023-01-15 v3.1.10 (3.1.10)
\pgfarrowsep=\dimen266
)
(c:/texlive/2024/texmf-dist/tex/generic/pgf/basiclayer/pgfcoreshade.code.tex
File: pgfcoreshade.code.tex 2023-01-15 v3.1.10 (3.1.10)
\pgf@max=\dimen267
\pgf@sys@shading@range@num=\count303
\pgf@shadingcount=\count304
)
(c:/texlive/2024/texmf-dist/tex/generic/pgf/basiclayer/pgfcoreimage.code.tex
File: pgfcoreimage.code.tex 2023-01-15 v3.1.10 (3.1.10)
)
(c:/texlive/2024/texmf-dist/tex/generic/pgf/basiclayer/pgfcoreexternal.code.tex
File: pgfcoreexternal.code.tex 2023-01-15 v3.1.10 (3.1.10)
\pgfexternal@startupbox=\box66
) (c:/texlive/2024/texmf-dist/tex/generic/pgf/basiclayer/pgfcorelayers.code.tex
File: pgfcorelayers.code.tex 2023-01-15 v3.1.10 (3.1.10)
)
(c:/texlive/2024/texmf-dist/tex/generic/pgf/basiclayer/pgfcoretransparency.code
.tex
File: pgfcoretransparency.code.tex 2023-01-15 v3.1.10 (3.1.10)
)
(c:/texlive/2024/texmf-dist/tex/generic/pgf/basiclayer/pgfcorepatterns.code.tex
File: pgfcorepatterns.code.tex 2023-01-15 v3.1.10 (3.1.10)
) (c:/texlive/2024/texmf-dist/tex/generic/pgf/basiclayer/pgfcorerdf.code.tex
File: pgfcorerdf.code.tex 2023-01-15 v3.1.10 (3.1.10)
))) (c:/texlive/2024/texmf-dist/tex/latex/pgf/utilities/xxcolor.sty
Package: xxcolor 2003/10/24 ver 0.1


Package xcolor Warning: Package option `usenames' is obsolete and ignored on in
put line 14.

\XC@nummixins=\count305
\XC@countmixins=\count306
) (c:/texlive/2024/texmf-dist/tex/latex/base/atbegshi-ltx.sty
Package: atbegshi-ltx 2021/01/10 v1.0c Emulation of the original atbegshi
package with kernel methods
)
(c:/texlive/2024/texmf-dist/tex/latex/hyperref/hyperref.sty
Package: hyperref 2024-05-23 v7.01i Hypertext links for LaTeX

(c:/texlive/2024/texmf-dist/tex/latex/kvsetkeys/kvsetkeys.sty
Package: kvsetkeys 2022-10-05 v1.19 Key value parser (HO)
)
(c:/texlive/2024/texmf-dist/tex/generic/kvdefinekeys/kvdefinekeys.sty
Package: kvdefinekeys 2019-12-19 v1.6 Define keys (HO)
)
(c:/texlive/2024/texmf-dist/tex/generic/pdfescape/pdfescape.sty
Package: pdfescape 2019/12/09 v1.15 Implements pdfTeX's escape features (HO)

(c:/texlive/2024/texmf-dist/tex/generic/ltxcmds/ltxcmds.sty
Package: ltxcmds 2023-12-04 v1.26 LaTeX kernel commands for general use (HO)
)
(c:/texlive/2024/texmf-dist/tex/generic/pdftexcmds/pdftexcmds.sty
Package: pdftexcmds 2020-06-27 v0.33 Utility functions of pdfTeX for LuaTeX (HO
)

(c:/texlive/2024/texmf-dist/tex/generic/infwarerr/infwarerr.sty
Package: infwarerr 2019/12/03 v1.5 Providing info/warning/error messages (HO)
)
Package pdftexcmds Info: \pdf@primitive is available.
Package pdftexcmds Info: \pdf@ifprimitive is available.
Package pdftexcmds Info: \pdfdraftmode found.
))
(c:/texlive/2024/texmf-dist/tex/latex/hycolor/hycolor.sty
Package: hycolor 2020-01-27 v1.10 Color options for hyperref/bookmark (HO)
)
(c:/texlive/2024/texmf-dist/tex/latex/hyperref/nameref.sty
Package: nameref 2023-11-26 v2.56 Cross-referencing by name of section

(c:/texlive/2024/texmf-dist/tex/latex/refcount/refcount.sty
Package: refcount 2019/12/15 v3.6 Data extraction from label references (HO)
)
(c:/texlive/2024/texmf-dist/tex/generic/gettitlestring/gettitlestring.sty
Package: gettitlestring 2019/12/15 v1.6 Cleanup title references (HO)

(c:/texlive/2024/texmf-dist/tex/latex/kvoptions/kvoptions.sty
Package: kvoptions 2022-06-15 v3.15 Key value format for package options (HO)
))
\c@section@level=\count307
)
(c:/texlive/2024/texmf-dist/tex/generic/stringenc/stringenc.sty
Package: stringenc 2019/11/29 v1.12 Convert strings between diff. encodings (HO
)
)
\@linkdim=\dimen268
\Hy@linkcounter=\count308
\Hy@pagecounter=\count309

(c:/texlive/2024/texmf-dist/tex/latex/hyperref/pd1enc.def
File: pd1enc.def 2024-05-23 v7.01i Hyperref: PDFDocEncoding definition (HO)
Now handling font encoding PD1 ...
... no UTF-8 mapping file for font encoding PD1
)
(c:/texlive/2024/texmf-dist/tex/generic/intcalc/intcalc.sty
Package: intcalc 2019/12/15 v1.3 Expandable calculations with integers (HO)
)
\Hy@SavedSpaceFactor=\count310

(c:/texlive/2024/texmf-dist/tex/latex/hyperref/puenc.def
File: puenc.def 2024-05-23 v7.01i Hyperref: PDF Unicode definition (HO)
Now handling font encoding PU ...
... no UTF-8 mapping file for font encoding PU
)
Package hyperref Info: Option `bookmarks' set `true' on input line 4040.
Package hyperref Info: Option `bookmarksopen' set `true' on input line 4040.
Package hyperref Info: Option `implicit' set `false' on input line 4040.
Package hyperref Info: Hyper figures OFF on input line 4157.
Package hyperref Info: Link nesting OFF on input line 4162.
Package hyperref Info: Hyper index ON on input line 4165.
Package hyperref Info: Plain pages OFF on input line 4172.
Package hyperref Info: Backreferencing OFF on input line 4177.
Package hyperref Info: Implicit mode OFF; no redefinition of LaTeX internals.
Package hyperref Info: Bookmarks ON on input line 4424.
\c@Hy@tempcnt=\count311

(c:/texlive/2024/texmf-dist/tex/latex/url/url.sty
\Urlmuskip=\muskip17
Package: url 2013/09/16  ver 3.4  Verb mode for urls, etc.
)
LaTeX Info: Redefining \url on input line 4763.
\XeTeXLinkMargin=\dimen269

(c:/texlive/2024/texmf-dist/tex/generic/bitset/bitset.sty
Package: bitset 2019/12/09 v1.3 Handle bit-vector datatype (HO)

(c:/texlive/2024/texmf-dist/tex/generic/bigintcalc/bigintcalc.sty
Package: bigintcalc 2019/12/15 v1.5 Expandable calculations on big integers (HO
)
))
\Fld@menulength=\count312
\Field@Width=\dimen270
\Fld@charsize=\dimen271
Package hyperref Info: Hyper figures OFF on input line 6042.
Package hyperref Info: Link nesting OFF on input line 6047.
Package hyperref Info: Hyper index ON on input line 6050.
Package hyperref Info: backreferencing OFF on input line 6057.
Package hyperref Info: Link coloring OFF on input line 6062.
Package hyperref Info: Link coloring with OCG OFF on input line 6067.
Package hyperref Info: PDF/A mode OFF on input line 6072.
\Hy@abspage=\count313


Package hyperref Message: Stopped early.

)
Package hyperref Info: Driver (autodetected): hpdftex.
 (c:/texlive/2024/texmf-dist/tex/latex/hyperref/hpdftex.def
File: hpdftex.def 2024-05-23 v7.01i Hyperref driver for pdfTeX

(c:/texlive/2024/texmf-dist/tex/latex/base/atveryend-ltx.sty
Package: atveryend-ltx 2020/08/19 v1.0a Emulation of the original atveryend pac
kage
with kernel methods
)
\Fld@listcount=\count314
\c@bookmark@seq@number=\count315

(c:/texlive/2024/texmf-dist/tex/latex/rerunfilecheck/rerunfilecheck.sty
Package: rerunfilecheck 2022-07-10 v1.10 Rerun checks for auxiliary files (HO)

(c:/texlive/2024/texmf-dist/tex/generic/uniquecounter/uniquecounter.sty
Package: uniquecounter 2019/12/15 v1.4 Provide unlimited unique counter (HO)
)
Package uniquecounter Info: New unique counter `rerunfilecheck' on input line 2
85.
))
(c:/texlive/2024/texmf-dist/tex/latex/beamer/beamerbaserequires.sty
(c:/texlive/2024/texmf-dist/tex/latex/beamer/beamerbasecompatibility.sty)
(c:/texlive/2024/texmf-dist/tex/latex/beamer/beamerbasefont.sty
(c:/texlive/2024/texmf-dist/tex/latex/amsfonts/amssymb.sty
Package: amssymb 2013/01/14 v3.01 AMS font symbols

(c:/texlive/2024/texmf-dist/tex/latex/amsfonts/amsfonts.sty
Package: amsfonts 2013/01/14 v3.01 Basic AMSFonts support
\@emptytoks=\toks29
\symAMSa=\mathgroup4
\symAMSb=\mathgroup5
LaTeX Font Info:    Redeclaring math symbol \hbar on input line 98.
LaTeX Font Info:    Overwriting math alphabet `\mathfrak' in version `bold'
(Font)                  U/euf/m/n --> U/euf/b/n on input line 106.
)))
(c:/texlive/2024/texmf-dist/tex/latex/beamer/beamerbasetranslator.sty
(c:/texlive/2024/texmf-dist/tex/latex/translator/translator.sty
Package: translator 2021-05-31 v1.12d Easy translation of strings in LaTeX
))
(c:/texlive/2024/texmf-dist/tex/latex/beamer/beamerbasemisc.sty)
(c:/texlive/2024/texmf-dist/tex/latex/beamer/beamerbasetwoscreens.sty)
(c:/texlive/2024/texmf-dist/tex/latex/beamer/beamerbaseoverlay.sty
\beamer@argscount=\count316
\beamer@lastskipcover=\skip52
\beamer@trivlistdepth=\count317
)
(c:/texlive/2024/texmf-dist/tex/latex/beamer/beamerbasetitle.sty)
(c:/texlive/2024/texmf-dist/tex/latex/beamer/beamerbasesection.sty
\c@lecture=\count318
\c@part=\count319
\c@section=\count320
\c@subsection=\count321
\c@subsubsection=\count322
)
(c:/texlive/2024/texmf-dist/tex/latex/beamer/beamerbaseframe.sty
\beamer@framebox=\box67
\beamer@frametitlebox=\box68
\beamer@zoombox=\box69
\beamer@zoomcount=\count323
\beamer@zoomframecount=\count324
\beamer@frametextheight=\dimen272
\c@subsectionslide=\count325
\beamer@frametopskip=\skip53
\beamer@framebottomskip=\skip54
\beamer@frametopskipautobreak=\skip55
\beamer@framebottomskipautobreak=\skip56
\beamer@envbody=\toks30
\framewidth=\dimen273
\c@framenumber=\count326
)
(c:/texlive/2024/texmf-dist/tex/latex/beamer/beamerbaseverbatim.sty
\beamer@verbatimfileout=\write4
)
(c:/texlive/2024/texmf-dist/tex/latex/beamer/beamerbaseframesize.sty
\beamer@splitbox=\box70
\beamer@autobreakcount=\count327
\beamer@autobreaklastheight=\dimen274
\beamer@frametitletoks=\toks31
\beamer@framesubtitletoks=\toks32
)
(c:/texlive/2024/texmf-dist/tex/latex/beamer/beamerbaseframecomponents.sty
\beamer@footins=\box71
)
(c:/texlive/2024/texmf-dist/tex/latex/beamer/beamerbasecolor.sty)
(c:/texlive/2024/texmf-dist/tex/latex/beamer/beamerbasenotes.sty
\beamer@frameboxcopy=\box72
)
(c:/texlive/2024/texmf-dist/tex/latex/beamer/beamerbasetoc.sty)
(c:/texlive/2024/texmf-dist/tex/latex/beamer/beamerbasetemplates.sty
\beamer@sbttoks=\toks33

(c:/texlive/2024/texmf-dist/tex/latex/beamer/beamerbaseauxtemplates.sty
(c:/texlive/2024/texmf-dist/tex/latex/beamer/beamerbaseboxes.sty
\bmb@box=\box73
\bmb@colorbox=\box74
\bmb@boxwidth=\dimen275
\bmb@boxheight=\dimen276
\bmb@prevheight=\dimen277
\bmb@temp=\dimen278
\bmb@dima=\dimen279
\bmb@dimb=\dimen280
\bmb@prevheight=\dimen281
)
\beamer@blockheadheight=\dimen282
))
(c:/texlive/2024/texmf-dist/tex/latex/beamer/beamerbaselocalstructure.sty
(c:/texlive/2024/texmf-dist/tex/latex/tools/enumerate.sty
Package: enumerate 2023/07/04 v3.00 enumerate extensions (DPC)
\@enLab=\toks34
)
\beamer@bibiconwidth=\skip57
\c@figure=\count328
\c@table=\count329
\abovecaptionskip=\skip58
\belowcaptionskip=\skip59
)
(c:/texlive/2024/texmf-dist/tex/latex/beamer/beamerbasenavigation.sty
(c:/texlive/2024/texmf-dist/tex/latex/beamer/beamerbasenavigationsymbols.tex)
\beamer@section@min@dim=\dimen283
)
(c:/texlive/2024/texmf-dist/tex/latex/beamer/beamerbasetheorems.sty
(c:/texlive/2024/texmf-dist/tex/latex/amsmath/amsmath.sty
Package: amsmath 2024/05/23 v2.17q AMS math features
\@mathmargin=\skip60

For additional information on amsmath, use the `?' option.
(c:/texlive/2024/texmf-dist/tex/latex/amsmath/amstext.sty
Package: amstext 2021/08/26 v2.01 AMS text

(c:/texlive/2024/texmf-dist/tex/latex/amsmath/amsgen.sty
File: amsgen.sty 1999/11/30 v2.0 generic functions
\@emptytoks=\toks35
\ex@=\dimen284
))
(c:/texlive/2024/texmf-dist/tex/latex/amsmath/amsbsy.sty
Package: amsbsy 1999/11/29 v1.2d Bold Symbols
\pmbraise@=\dimen285
)
(c:/texlive/2024/texmf-dist/tex/latex/amsmath/amsopn.sty
Package: amsopn 2022/04/08 v2.04 operator names
)
\inf@bad=\count330
LaTeX Info: Redefining \frac on input line 233.
\uproot@=\count331
\leftroot@=\count332
LaTeX Info: Redefining \overline on input line 398.
LaTeX Info: Redefining \colon on input line 409.
\classnum@=\count333
\DOTSCASE@=\count334
LaTeX Info: Redefining \ldots on input line 495.
LaTeX Info: Redefining \dots on input line 498.
LaTeX Info: Redefining \cdots on input line 619.
\Mathstrutbox@=\box75
\strutbox@=\box76
LaTeX Info: Redefining \big on input line 721.
LaTeX Info: Redefining \Big on input line 722.
LaTeX Info: Redefining \bigg on input line 723.
LaTeX Info: Redefining \Bigg on input line 724.
\big@size=\dimen286
LaTeX Font Info:    Redeclaring font encoding OML on input line 742.
LaTeX Font Info:    Redeclaring font encoding OMS on input line 743.
\macc@depth=\count335
LaTeX Info: Redefining \bmod on input line 904.
LaTeX Info: Redefining \pmod on input line 909.
LaTeX Info: Redefining \smash on input line 939.
LaTeX Info: Redefining \relbar on input line 969.
LaTeX Info: Redefining \Relbar on input line 970.
\c@MaxMatrixCols=\count336
\dotsspace@=\muskip18
\c@parentequation=\count337
\dspbrk@lvl=\count338
\tag@help=\toks36
\row@=\count339
\column@=\count340
\maxfields@=\count341
\andhelp@=\toks37
\eqnshift@=\dimen287
\alignsep@=\dimen288
\tagshift@=\dimen289
\tagwidth@=\dimen290
\totwidth@=\dimen291
\lineht@=\dimen292
\@envbody=\toks38
\multlinegap=\skip61
\multlinetaggap=\skip62
\mathdisplay@stack=\toks39
LaTeX Info: Redefining \[ on input line 2953.
LaTeX Info: Redefining \] on input line 2954.
)
(c:/texlive/2024/texmf-dist/tex/latex/amscls/amsthm.sty
Package: amsthm 2020/05/29 v2.20.6
\thm@style=\toks40
\thm@bodyfont=\toks41
\thm@headfont=\toks42
\thm@notefont=\toks43
\thm@headpunct=\toks44
\thm@preskip=\skip63
\thm@postskip=\skip64
\thm@headsep=\skip65
\dth@everypar=\toks45
)
\c@theorem=\count342
)
(c:/texlive/2024/texmf-dist/tex/latex/beamer/beamerbasethemes.sty))
(c:/texlive/2024/texmf-dist/tex/latex/beamer/beamerthemedefault.sty
(c:/texlive/2024/texmf-dist/tex/latex/beamer/beamerfontthemedefault.sty)
(c:/texlive/2024/texmf-dist/tex/latex/beamer/beamercolorthemedefault.sty)
(c:/texlive/2024/texmf-dist/tex/latex/beamer/beamerinnerthemedefault.sty
\beamer@dima=\dimen293
\beamer@dimb=\dimen294
)
(c:/texlive/2024/texmf-dist/tex/latex/beamer/beamerouterthemedefault.sty)))
(./beamerthemeCalPoly2023.sty
(c:/texlive/2024/texmf-dist/tex/latex/beamer/beamerfontthemestructurebold.sty)
(./beamerfontthemeCalPoly2023.sty) (./beamercolorthemeCalPoly2023.sty)
(./beamerinnerthemeCalPoly2023.sty
(c:/texlive/2024/texmf-dist/tex/latex/pgf/frontendlayer/tikz.sty
(c:/texlive/2024/texmf-dist/tex/latex/pgf/basiclayer/pgf.sty
Package: pgf 2023-01-15 v3.1.10 (3.1.10)

(c:/texlive/2024/texmf-dist/tex/generic/pgf/modules/pgfmoduleshapes.code.tex
File: pgfmoduleshapes.code.tex 2023-01-15 v3.1.10 (3.1.10)
\pgfnodeparttextbox=\box77
)
(c:/texlive/2024/texmf-dist/tex/generic/pgf/modules/pgfmoduleplot.code.tex
File: pgfmoduleplot.code.tex 2023-01-15 v3.1.10 (3.1.10)
)
(c:/texlive/2024/texmf-dist/tex/latex/pgf/compatibility/pgfcomp-version-0-65.st
y
Package: pgfcomp-version-0-65 2023-01-15 v3.1.10 (3.1.10)
\pgf@nodesepstart=\dimen295
\pgf@nodesepend=\dimen296
)
(c:/texlive/2024/texmf-dist/tex/latex/pgf/compatibility/pgfcomp-version-1-18.st
y
Package: pgfcomp-version-1-18 2023-01-15 v3.1.10 (3.1.10)
)) (c:/texlive/2024/texmf-dist/tex/latex/pgf/utilities/pgffor.sty
(c:/texlive/2024/texmf-dist/tex/generic/pgf/utilities/pgffor.code.tex
Package: pgffor 2023-01-15 v3.1.10 (3.1.10)
\pgffor@iter=\dimen297
\pgffor@skip=\dimen298
\pgffor@stack=\toks46
\pgffor@toks=\toks47
))
(c:/texlive/2024/texmf-dist/tex/generic/pgf/frontendlayer/tikz/tikz.code.tex
Package: tikz 2023-01-15 v3.1.10 (3.1.10)

(c:/texlive/2024/texmf-dist/tex/generic/pgf/libraries/pgflibraryplothandlers.co
de.tex
File: pgflibraryplothandlers.code.tex 2023-01-15 v3.1.10 (3.1.10)
\pgf@plot@mark@count=\count343
\pgfplotmarksize=\dimen299
)
\tikz@lastx=\dimen300
\tikz@lasty=\dimen301
\tikz@lastxsaved=\dimen302
\tikz@lastysaved=\dimen303
\tikz@lastmovetox=\dimen304
\tikz@lastmovetoy=\dimen305
\tikzleveldistance=\dimen306
\tikzsiblingdistance=\dimen307
\tikz@figbox=\box78
\tikz@figbox@bg=\box79
\tikz@tempbox=\box80
\tikz@tempbox@bg=\box81
\tikztreelevel=\count344
\tikznumberofchildren=\count345
\tikznumberofcurrentchild=\count346
\tikz@fig@count=\count347

(c:/texlive/2024/texmf-dist/tex/generic/pgf/modules/pgfmodulematrix.code.tex
File: pgfmodulematrix.code.tex 2023-01-15 v3.1.10 (3.1.10)
\pgfmatrixcurrentrow=\count348
\pgfmatrixcurrentcolumn=\count349
\pgf@matrix@numberofcolumns=\count350
)
\tikz@expandcount=\count351

(c:/texlive/2024/texmf-dist/tex/generic/pgf/frontendlayer/tikz/libraries/tikzli
brarytopaths.code.tex
File: tikzlibrarytopaths.code.tex 2023-01-15 v3.1.10 (3.1.10)
)))
(c:/texlive/2024/texmf-dist/tex/latex/psnfss/helvet.sty
Package: helvet 2020/03/25 PSNFSS-v9.3 (WaS) 
)

pdfTeX warning: pdflatex.exe (file ./CPTitlePage169.pdf): PDF inclusion: found 
PDF version <1.7>, but at most version <1.5> allowed
)) (c:/texlive/2024/texmf-dist/tex/latex/esint/esint.sty
Package: esint 
\symlargesymbolsA=\mathgroup6
)
(c:/texlive/2024/texmf-dist/tex/latex/mathtools/mathtools.sty
Package: mathtools 2024/03/11 v1.30 mathematical typesetting tools

(c:/texlive/2024/texmf-dist/tex/latex/tools/calc.sty
Package: calc 2023/07/08 v4.3 Infix arithmetic (KKT,FJ)
\calc@Acount=\count352
\calc@Bcount=\count353
\calc@Adimen=\dimen308
\calc@Bdimen=\dimen309
\calc@Askip=\skip66
\calc@Bskip=\skip67
LaTeX Info: Redefining \setlength on input line 80.
LaTeX Info: Redefining \addtolength on input line 81.
\calc@Ccount=\count354
\calc@Cskip=\skip68
)
(c:/texlive/2024/texmf-dist/tex/latex/mathtools/mhsetup.sty
Package: mhsetup 2021/03/18 v1.4 programming setup (MH)
)
\g_MT_multlinerow_int=\count355
\l_MT_multwidth_dim=\dimen310
\origjot=\skip69
\l_MT_shortvdotswithinadjustabove_dim=\dimen311
\l_MT_shortvdotswithinadjustbelow_dim=\dimen312
\l_MT_above_intertext_sep=\dimen313
\l_MT_below_intertext_sep=\dimen314
\l_MT_above_shortintertext_sep=\dimen315
\l_MT_below_shortintertext_sep=\dimen316
\xmathstrut@box=\box82
\xmathstrut@dim=\dimen317
)
(c:/texlive/2024/texmf-dist/tex/latex/multirow/multirow.sty
Package: multirow 2021/03/15 v2.8 Span multiple rows of a table
\multirow@colwidth=\skip70
\multirow@cntb=\count356
\multirow@dima=\skip71
\bigstrutjot=\dimen318
)
(c:/texlive/2024/texmf-dist/tex/latex/jknapltx/mathrsfs.sty
Package: mathrsfs 1996/01/01 Math RSFS package v1.0 (jk)
\symrsfs=\mathgroup7
)
(c:/texlive/2024/texmf-dist/tex/latex/float/float.sty
Package: float 2001/11/08 v1.3d Float enhancements (AL)
\c@float@type=\count357
\float@exts=\toks48
\float@box=\box83
\@float@everytoks=\toks49
\@floatcapt=\box84
)
(c:/texlive/2024/texmf-dist/tex/latex/tools/array.sty
Package: array 2024/06/14 v2.6d Tabular extension package (FMi)
\col@sep=\dimen319
\ar@mcellbox=\box85
\extrarowheight=\dimen320
\NC@list=\toks50
\extratabsurround=\skip72
\backup@length=\skip73
\ar@cellbox=\box86
)
(c:/texlive/2024/texmf-dist/tex/generic/pgf/frontendlayer/tikz/libraries/tikzli
braryarrows.code.tex
File: tikzlibraryarrows.code.tex 2023-01-15 v3.1.10 (3.1.10)

(c:/texlive/2024/texmf-dist/tex/generic/pgf/libraries/pgflibraryarrows.code.tex
File: pgflibraryarrows.code.tex 2023-01-15 v3.1.10 (3.1.10)
\arrowsize=\dimen321
))
(c:/texlive/2024/texmf-dist/tex/generic/pgf/frontendlayer/tikz/libraries/tikzli
braryshapes.code.tex
File: tikzlibraryshapes.code.tex 2023-01-15 v3.1.10 (3.1.10)

(c:/texlive/2024/texmf-dist/tex/generic/pgf/frontendlayer/tikz/libraries/tikzli
braryshapes.geometric.code.tex
File: tikzlibraryshapes.geometric.code.tex 2023-01-15 v3.1.10 (3.1.10)

(c:/texlive/2024/texmf-dist/tex/generic/pgf/libraries/shapes/pgflibraryshapes.g
eometric.code.tex
File: pgflibraryshapes.geometric.code.tex 2023-01-15 v3.1.10 (3.1.10)
))
(c:/texlive/2024/texmf-dist/tex/generic/pgf/frontendlayer/tikz/libraries/tikzli
braryshapes.misc.code.tex
File: tikzlibraryshapes.misc.code.tex 2023-01-15 v3.1.10 (3.1.10)

(c:/texlive/2024/texmf-dist/tex/generic/pgf/libraries/shapes/pgflibraryshapes.m
isc.code.tex
File: pgflibraryshapes.misc.code.tex 2023-01-15 v3.1.10 (3.1.10)
))
(c:/texlive/2024/texmf-dist/tex/generic/pgf/frontendlayer/tikz/libraries/tikzli
braryshapes.symbols.code.tex
File: tikzlibraryshapes.symbols.code.tex 2023-01-15 v3.1.10 (3.1.10)

(c:/texlive/2024/texmf-dist/tex/generic/pgf/libraries/shapes/pgflibraryshapes.s
ymbols.code.tex
File: pgflibraryshapes.symbols.code.tex 2023-01-15 v3.1.10 (3.1.10)
))
(c:/texlive/2024/texmf-dist/tex/generic/pgf/frontendlayer/tikz/libraries/tikzli
braryshapes.arrows.code.tex
File: tikzlibraryshapes.arrows.code.tex 2023-01-15 v3.1.10 (3.1.10)

(c:/texlive/2024/texmf-dist/tex/generic/pgf/libraries/shapes/pgflibraryshapes.a
rrows.code.tex
File: pgflibraryshapes.arrows.code.tex 2023-01-15 v3.1.10 (3.1.10)
))
(c:/texlive/2024/texmf-dist/tex/generic/pgf/frontendlayer/tikz/libraries/tikzli
braryshapes.callouts.code.tex
(c:/texlive/2024/texmf-dist/tex/generic/pgf/libraries/shapes/pgflibraryshapes.c
allouts.code.tex))
(c:/texlive/2024/texmf-dist/tex/generic/pgf/frontendlayer/tikz/libraries/tikzli
braryshapes.multipart.code.tex
File: tikzlibraryshapes.multipart.code.tex 2023-01-15 v3.1.10 (3.1.10)

(c:/texlive/2024/texmf-dist/tex/generic/pgf/libraries/shapes/pgflibraryshapes.m
ultipart.code.tex
File: pgflibraryshapes.multipart.code.tex 2023-01-15 v3.1.10 (3.1.10)
\pgfnodepartlowerbox=\box87
\pgfnodeparttwobox=\box88
\pgfnodepartthreebox=\box89
\pgfnodepartfourbox=\box90
\pgfnodeparttwentybox=\box91
\pgfnodepartnineteenbox=\box92
\pgfnodeparteighteenbox=\box93
\pgfnodepartseventeenbox=\box94
\pgfnodepartsixteenbox=\box95
\pgfnodepartfifteenbox=\box96
\pgfnodepartfourteenbox=\box97
\pgfnodepartthirteenbox=\box98
\pgfnodeparttwelvebox=\box99
\pgfnodepartelevenbox=\box100
\pgfnodeparttenbox=\box101
\pgfnodepartninebox=\box102
\pgfnodeparteightbox=\box103
\pgfnodepartsevenbox=\box104
\pgfnodepartsixbox=\box105
\pgfnodepartfivebox=\box106
)))
(c:/texlive/2024/texmf-dist/tex/generic/pgf/frontendlayer/tikz/libraries/tikzli
brarydecorations.code.tex
(c:/texlive/2024/texmf-dist/tex/generic/pgf/modules/pgfmoduledecorations.code.t
ex
\pgfdecoratedcompleteddistance=\dimen322
\pgfdecoratedremainingdistance=\dimen323
\pgfdecoratedinputsegmentcompleteddistance=\dimen324
\pgfdecoratedinputsegmentremainingdistance=\dimen325
\pgf@decorate@distancetomove=\dimen326
\pgf@decorate@repeatstate=\count358
\pgfdecorationsegmentamplitude=\dimen327
\pgfdecorationsegmentlength=\dimen328
)
\tikz@lib@dec@box=\box107
) (c:/texlive/2024/texmf-dist/tex/latex/subfigure/subfigure.sty
Package: subfigure 2002/03/15 v2.1.5 subfigure package
\subfigtopskip=\skip74
\subfigcapskip=\skip75
\subfigcaptopadj=\dimen329
\subfigbottomskip=\skip76
\subfigcapmargin=\dimen330
\subfiglabelskip=\skip77
\c@subfigure=\count359
\c@lofdepth=\count360
\c@subtable=\count361
\c@lotdepth=\count362

****************************************
* Local config file subfigure.cfg used *
****************************************
(c:/texlive/2024/texmf-dist/tex/latex/subfigure/subfigure.cfg)
\subfig@top=\skip78
\subfig@bottom=\skip79
)
(c:/texlive/2024/texmf-dist/tex/latex/tools/multicol.sty
Package: multicol 2024/05/23 v1.9h multicolumn formatting (FMi)
\c@tracingmulticols=\count363
\mult@box=\box108
\multicol@leftmargin=\dimen331
\c@unbalance=\count364
\c@collectmore=\count365
\doublecol@number=\count366
\multicoltolerance=\count367
\multicolpretolerance=\count368
\full@width=\dimen332
\page@free=\dimen333
\premulticols=\dimen334
\postmulticols=\dimen335
\multicolsep=\skip80
\multicolbaselineskip=\skip81
\partial@page=\box109
\last@line=\box110
\mc@boxedresult=\box111
\maxbalancingoverflow=\dimen336
\mult@rightbox=\box112
\mult@grightbox=\box113
\mult@firstbox=\box114
\mult@gfirstbox=\box115
\@tempa=\box116
\@tempa=\box117
\@tempa=\box118
\@tempa=\box119
\@tempa=\box120
\@tempa=\box121
\@tempa=\box122
\@tempa=\box123
\@tempa=\box124
\@tempa=\box125
\@tempa=\box126
\@tempa=\box127
\@tempa=\box128
\@tempa=\box129
\@tempa=\box130
\@tempa=\box131
\@tempa=\box132
\@tempa=\box133
\@tempa=\box134
\@tempa=\box135
\@tempa=\box136
\@tempa=\box137
\@tempa=\box138
\@tempa=\box139
\@tempa=\box140
\@tempa=\box141
\@tempa=\box142
\@tempa=\box143
\@tempa=\box144
\@tempa=\box145
\@tempa=\box146
\@tempa=\box147
\@tempa=\box148
\@tempa=\box149
\@tempa=\box150
\@tempa=\box151
\c@minrows=\count369
\c@columnbadness=\count370
\c@finalcolumnbadness=\count371
\last@try=\dimen337
\multicolovershoot=\dimen338
\multicolundershoot=\dimen339
\mult@nat@firstbox=\box152
\colbreak@box=\box153
\mc@col@check@num=\count372
)
(c:/texlive/2024/texmf-dist/tex/latex/beamer/multimedia.sty
Package: multimedia 2012/05/02 ver 0.02

(c:/texlive/2024/texmf-dist/tex/generic/iftex/ifpdf.sty
Package: ifpdf 2019/10/25 v3.4 ifpdf legacy package. Use iftex instead.
)
\mm@movie=\count373
)
(c:/texlive/2024/texmf-dist/tex/latex/beamer/beamerouterthemesmoothbars.sty)

Package hyperref Warning: Token not allowed in a PDF string (Unicode):
(hyperref)                removing `\leavevmode@ifvmode' on input line 91.


Package hyperref Warning: Token not allowed in a PDF string (Unicode):
(hyperref)                \kern 2.77695pt
(hyperref)                removed on input line 91.

LaTeX Font Info:    Trying to load font information for OT1+phv on input line 9
1.
(c:/texlive/2024/texmf-dist/tex/latex/psnfss/ot1phv.fd
File: ot1phv.fd 2020/03/25 scalable font definitions for OT1/phv.
)
LaTeX Font Info:    Font shape `OT1/phv/m/n' will be
(Font)              scaled to size 9.49997pt on input line 91.

(c:/texlive/2024/texmf-dist/tex/latex/l3backend/l3backend-pdftex.def
File: l3backend-pdftex.def 2024-05-08 L3 backend support: PDF output (pdfTeX)
\l__color_backend_stack_int=\count374
\l__pdf_internal_box=\box154
)
(./442ApplicationsofGeometry.aux)
\openout1 = `442ApplicationsofGeometry.aux'.

LaTeX Font Info:    Checking defaults for OML/cmm/m/it on input line 91.
LaTeX Font Info:    ... okay on input line 91.
LaTeX Font Info:    Checking defaults for OMS/cmsy/m/n on input line 91.
LaTeX Font Info:    ... okay on input line 91.
LaTeX Font Info:    Checking defaults for OT1/cmr/m/n on input line 91.
LaTeX Font Info:    ... okay on input line 91.
LaTeX Font Info:    Checking defaults for T1/cmr/m/n on input line 91.
LaTeX Font Info:    ... okay on input line 91.
LaTeX Font Info:    Checking defaults for TS1/cmr/m/n on input line 91.
LaTeX Font Info:    ... okay on input line 91.
LaTeX Font Info:    Checking defaults for OMX/cmex/m/n on input line 91.
LaTeX Font Info:    ... okay on input line 91.
LaTeX Font Info:    Checking defaults for U/cmr/m/n on input line 91.
LaTeX Font Info:    ... okay on input line 91.
LaTeX Font Info:    Checking defaults for PD1/pdf/m/n on input line 91.
LaTeX Font Info:    ... okay on input line 91.
LaTeX Font Info:    Checking defaults for PU/pdf/m/n on input line 91.
LaTeX Font Info:    ... okay on input line 91.

*geometry* driver: auto-detecting
*geometry* detected driver: pdftex
*geometry* verbose mode - [ preamble ] result:
* driver: pdftex
* paper: custom
* layout: <same size as paper>
* layoutoffset:(h,v)=(0.0pt,0.0pt)
* modes: includehead includefoot 
* h-part:(L,W,R)=(28.45274pt, 398.3386pt, 28.45274pt)
* v-part:(T,H,B)=(0.0pt, 256.0748pt, 0.0pt)
* \paperwidth=455.24408pt
* \paperheight=256.0748pt
* \textwidth=398.3386pt
* \textheight=227.62207pt
* \oddsidemargin=-43.81725pt
* \evensidemargin=-43.81725pt
* \topmargin=-72.26999pt
* \headheight=14.22636pt
* \headsep=0.0pt
* \topskip=10.0pt
* \footskip=14.22636pt
* \marginparwidth=3.0pt
* \marginparsep=11.0pt
* \columnsep=10.0pt
* \skip\footins=9.0pt plus 4.0pt minus 2.0pt
* \hoffset=0.0pt
* \voffset=0.0pt
* \mag=1000
* \@twocolumnfalse
* \@twosidefalse
* \@mparswitchfalse
* \@reversemarginfalse
* (1in=72.27pt=25.4mm, 1cm=28.453pt)

(c:/texlive/2024/texmf-dist/tex/context/base/mkii/supp-pdf.mkii
[Loading MPS to PDF converter (version 2006.09.02).]
\scratchcounter=\count375
\scratchdimen=\dimen340
\scratchbox=\box155
\nofMPsegments=\count376
\nofMParguments=\count377
\everyMPshowfont=\toks51
\MPscratchCnt=\count378
\MPscratchDim=\dimen341
\MPnumerator=\count379
\makeMPintoPDFobject=\count380
\everyMPtoPDFconversion=\toks52
) (c:/texlive/2024/texmf-dist/tex/latex/epstopdf-pkg/epstopdf-base.sty
Package: epstopdf-base 2020-01-24 v2.11 Base part for package epstopdf
Package epstopdf-base Info: Redefining graphics rule for `.eps' on input line 4
85.

(c:/texlive/2024/texmf-dist/tex/latex/latexconfig/epstopdf-sys.cfg
File: epstopdf-sys.cfg 2010/07/13 v1.3 Configuration of (r)epstopdf for TeX Liv
e
))
Package hyperref Info: Link coloring OFF on input line 91.

(./442ApplicationsofGeometry.out) (./442ApplicationsofGeometry.out)
\@outlinefile=\write5
\openout5 = `442ApplicationsofGeometry.out'.

LaTeX Font Info:    Overwriting symbol font `operators' in version `normal'
(Font)                  OT1/cmr/m/n --> OT1/cmss/m/n on input line 91.
LaTeX Font Info:    Overwriting symbol font `operators' in version `bold'
(Font)                  OT1/cmr/bx/n --> OT1/cmss/b/n on input line 91.
\symnumbers=\mathgroup8
\sympureletters=\mathgroup9
LaTeX Font Info:    Overwriting math alphabet `\mathrm' in version `normal'
(Font)                  OT1/cmss/m/n --> OT1/cmr/m/n on input line 91.
LaTeX Font Info:    Redeclaring math alphabet \mathbf on input line 91.
LaTeX Font Info:    Overwriting math alphabet `\mathbf' in version `normal'
(Font)                  OT1/cmr/bx/n --> OT1/phv/b/n on input line 91.
LaTeX Font Info:    Overwriting math alphabet `\mathbf' in version `bold'
(Font)                  OT1/cmr/bx/n --> OT1/phv/b/n on input line 91.
LaTeX Font Info:    Redeclaring math alphabet \mathsf on input line 91.
LaTeX Font Info:    Overwriting math alphabet `\mathsf' in version `normal'
(Font)                  OT1/cmss/m/n --> OT1/phv/m/n on input line 91.
LaTeX Font Info:    Overwriting math alphabet `\mathsf' in version `bold'
(Font)                  OT1/cmss/bx/n --> OT1/phv/m/n on input line 91.
LaTeX Font Info:    Redeclaring math alphabet \mathit on input line 91.
LaTeX Font Info:    Overwriting math alphabet `\mathit' in version `normal'
(Font)                  OT1/cmr/m/it --> OT1/phv/m/it on input line 91.
LaTeX Font Info:    Overwriting math alphabet `\mathit' in version `bold'
(Font)                  OT1/cmr/bx/it --> OT1/phv/m/it on input line 91.
LaTeX Font Info:    Redeclaring math alphabet \mathtt on input line 91.
LaTeX Font Info:    Overwriting math alphabet `\mathtt' in version `normal'
(Font)                  OT1/cmtt/m/n --> OT1/cmtt/m/n on input line 91.
LaTeX Font Info:    Overwriting math alphabet `\mathtt' in version `bold'
(Font)                  OT1/cmtt/m/n --> OT1/cmtt/m/n on input line 91.
LaTeX Font Info:    Overwriting symbol font `numbers' in version `bold'
(Font)                  OT1/phv/m/n --> OT1/phv/b/n on input line 91.
LaTeX Font Info:    Overwriting symbol font `pureletters' in version `bold'
(Font)                  OT1/phv/m/it --> OT1/phv/b/it on input line 91.
LaTeX Font Info:    Overwriting math alphabet `\mathrm' in version `bold'
(Font)                  OT1/cmss/b/n --> OT1/cmr/b/n on input line 91.
LaTeX Font Info:    Overwriting math alphabet `\mathbf' in version `bold'
(Font)                  OT1/phv/b/n --> OT1/phv/b/n on input line 91.
LaTeX Font Info:    Overwriting math alphabet `\mathsf' in version `bold'
(Font)                  OT1/phv/m/n --> OT1/phv/b/n on input line 91.
LaTeX Font Info:    Overwriting math alphabet `\mathit' in version `bold'
(Font)                  OT1/phv/m/it --> OT1/phv/b/it on input line 91.
LaTeX Font Info:    Overwriting math alphabet `\mathtt' in version `bold'
(Font)                  OT1/cmtt/m/n --> OT1/cmtt/b/n on input line 91.

(c:/texlive/2024/texmf-dist/tex/latex/translator/translator-basic-dictionary-En
glish.dict
Dictionary: translator-basic-dictionary, Language: English 
)
(c:/texlive/2024/texmf-dist/tex/latex/translator/translator-bibliography-dictio
nary-English.dict
Dictionary: translator-bibliography-dictionary, Language: English 
)
(c:/texlive/2024/texmf-dist/tex/latex/translator/translator-environment-diction
ary-English.dict
Dictionary: translator-environment-dictionary, Language: English 
)
(c:/texlive/2024/texmf-dist/tex/latex/translator/translator-months-dictionary-E
nglish.dict
Dictionary: translator-months-dictionary, Language: English 
)
(c:/texlive/2024/texmf-dist/tex/latex/translator/translator-numbers-dictionary-
English.dict
Dictionary: translator-numbers-dictionary, Language: English 
)
(c:/texlive/2024/texmf-dist/tex/latex/translator/translator-theorem-dictionary-
English.dict
Dictionary: translator-theorem-dictionary, Language: English 
)
LaTeX Font Info:    Font shape `OT1/phv/m/n' will be
(Font)              scaled to size 4.74998pt on input line 91.
LaTeX Font Info:    Font shape `OT1/phv/b/n' will be
(Font)              scaled to size 4.74998pt on input line 91.
 (./442ApplicationsofGeometry.nav)
LaTeX Font Info:    Trying to load font information for U+msa on input line 96.


(c:/texlive/2024/texmf-dist/tex/latex/amsfonts/umsa.fd
File: umsa.fd 2013/01/14 v3.01 AMS symbols A
)
LaTeX Font Info:    Trying to load font information for U+msb on input line 96.


(c:/texlive/2024/texmf-dist/tex/latex/amsfonts/umsb.fd
File: umsb.fd 2013/01/14 v3.01 AMS symbols B
)
LaTeX Font Info:    Trying to load font information for U+esint on input line 9
6.

(c:/texlive/2024/texmf-dist/tex/latex/esint/uesint.fd
File: uesint.fd 
)
LaTeX Font Info:    Trying to load font information for U+rsfs on input line 96
.

(c:/texlive/2024/texmf-dist/tex/latex/jknapltx/ursfs.fd
File: ursfs.fd 1998/03/24 rsfs font definition file (jk)
)
LaTeX Font Info:    Font shape `OT1/phv/m/n' will be
(Font)              scaled to size 6.64998pt on input line 96.
LaTeX Font Info:    Font shape `OT1/phv/m/it' in size <10> not available
(Font)              Font shape `OT1/phv/m/sl' tried instead on input line 96.
LaTeX Font Info:    Font shape `OT1/phv/m/sl' will be
(Font)              scaled to size 9.49997pt on input line 96.
LaTeX Font Info:    Font shape `OT1/phv/m/it' in size <7> not available
(Font)              Font shape `OT1/phv/m/sl' tried instead on input line 96.
LaTeX Font Info:    Font shape `OT1/phv/m/sl' will be
(Font)              scaled to size 6.64998pt on input line 96.
LaTeX Font Info:    Font shape `OT1/phv/m/it' in size <5> not available
(Font)              Font shape `OT1/phv/m/sl' tried instead on input line 96.
LaTeX Font Info:    Font shape `OT1/phv/m/sl' will be
(Font)              scaled to size 4.74998pt on input line 96.
LaTeX Font Info:    Font shape `OT1/phv/b/n' will be
(Font)              scaled to size 9.49997pt on input line 96.
LaTeX Font Info:    Font shape `OT1/phv/b/n' will be
(Font)              scaled to size 13.67995pt on input line 96.
LaTeX Font Info:    Font shape `OT1/phv/m/n' will be
(Font)              scaled to size 8.54997pt on input line 96.


LaTeX Font Info:    Font shape `OT1/phv/b/n' will be
(Font)              scaled to size 3.79999pt on input line 96.
LaTeX Font Info:    Font shape `OT1/phv/m/n' will be
(Font)              scaled to size 3.79999pt on input line 96.
LaTeX Font Info:    Font shape `OT1/phv/b/n' will be
(Font)              scaled to size 7.59998pt on input line 96.
[1{c:/texlive/2024/texmf-var/fonts/map/pdftex/updmap/pdftex.map}{c:/texlive/202
4/texmf-dist/fonts/enc/dvips/base/8r.enc}

 <./CPTitlePage169.pdf>]

[2

]

[3

 <./CPSectionPage169.pdf>]

[4

]

[5

]

[6

]
<./images/Polaris.jpg, id=667, 803.0pt x 601.24625pt>
File: ./images/Polaris.jpg Graphic file (type jpg)
<use ./images/Polaris.jpg>
Package pdftex.def Info: ./images/Polaris.jpg  used on input line 173.
(pdftex.def)             Requested size: 290.78546pt x 217.73288pt.

Overfull \vbox (3.18364pt too high) detected at line 173
 []



[7

 <./images/Polaris.jpg>]
<./images/Map_Nunavut.png, id=764, 614.295pt x 766.062pt>
File: ./images/Map_Nunavut.png Graphic file (type png)
<use ./images/Map_Nunavut.png>
Package pdftex.def Info: ./images/Map_Nunavut.png  used on input line 195.
(pdftex.def)             Requested size: 159.333pt x 198.69215pt.
<./images/Flag_of_Nunavut.png, id=765, 903.375pt x 508.14844pt>
File: ./images/Flag_of_Nunavut.png Graphic file (type png)
<use ./images/Flag_of_Nunavut.png>
Package pdftex.def Info: ./images/Flag_of_Nunavut.png  used on input line 195.
(pdftex.def)             Requested size: 159.333pt x 89.62514pt.

Overfull \vbox (0.74556pt too high) detected at line 195
 []



[8

 <./images/Map_Nunavut.png (PNG copy)> <./images/Flag_of_Nunavut.png>]
<./images/anlmap.png, id=863, 1444.4364pt x 1072.005pt>
File: ./images/anlmap.png Graphic file (type png)
<use ./images/anlmap.png>
Package pdftex.def Info: ./images/anlmap.png  used on input line 213.
(pdftex.def)             Requested size: 250.95525pt x 186.24602pt.
<./images/Flag_of_Alaska.png, id=864, 1065.9825pt x 752.8125pt>
File: ./images/Flag_of_Alaska.png Graphic file (type png)
<use ./images/Flag_of_Alaska.png>
Package pdftex.def Info: ./images/Flag_of_Alaska.png  used on input line 213.
(pdftex.def)             Requested size: 119.50279pt x 84.39482pt.


[9

 <./images/anlmap.png> <./images/Flag_of_Alaska.png>]

[10

]
<./images/Flag_of_Australia.png, id=1056, 963.6pt x 481.8pt>
File: ./images/Flag_of_Australia.png Graphic file (type png)
<use ./images/Flag_of_Australia.png>
Package pdftex.def Info: ./images/Flag_of_Australia.png  used on input line 239
.
(pdftex.def)             Requested size: 159.333pt x 79.66264pt.
<./images/Flag_of_New_Zealand.png, id=1057, 903.375pt x 451.6875pt>
File: ./images/Flag_of_New_Zealand.png Graphic file (type png)
<use ./images/Flag_of_New_Zealand.png>
Package pdftex.def Info: ./images/Flag_of_New_Zealand.png  used on input line 2
39.
(pdftex.def)             Requested size: 159.333pt x 79.66678pt.
<./images/Flag_of_Brazil.png, id=1058, 542.025pt x 379.4175pt>
File: ./images/Flag_of_Brazil.png Graphic file (type png)
<use ./images/Flag_of_Brazil.png>
Package pdftex.def Info: ./images/Flag_of_Brazil.png  used on input line 239.
(pdftex.def)             Requested size: 159.333pt x 111.53351pt.
<./images/Flag_of_Samoa.png, id=1059, 903.375pt x 451.6875pt>
File: ./images/Flag_of_Samoa.png Graphic file (type png)
<use ./images/Flag_of_Samoa.png>
Package pdftex.def Info: ./images/Flag_of_Samoa.png  used on input line 239.
(pdftex.def)             Requested size: 159.333pt x 79.66678pt.

Overfull \vbox (5.47475pt too high) detected at line 239
 []



[11

 <./images/Flag_of_Australia.png> <./images/Flag_of_New_Zealand.png> <./images/
Flag_of_Brazil.png> <./images/Flag_of_Samoa.png>]
<./images/Constellation_Crux.jpg, id=1158, 642.4pt x 430.60875pt>
File: ./images/Constellation_Crux.jpg Graphic file (type jpg)
<use ./images/Constellation_Crux.jpg>
Package pdftex.def Info: ./images/Constellation_Crux.jpg  used on input line 25
7.
(pdftex.def)             Requested size: 239.00558pt x 160.20976pt.


[12

 <./images/Constellation_Crux.jpg>]
<./images/Navigate_South.png, id=1254, 398.23781pt x 362.10281pt>
File: ./images/Navigate_South.png Graphic file (type png)
<use ./images/Navigate_South.png>
Package pdftex.def Info: ./images/Navigate_South.png  used on input line 279.
(pdftex.def)             Requested size: 219.08743pt x 199.20688pt.

Overfull \vbox (10.30945pt too high) detected at line 279
 []



[13

 <./images/Navigate_South.png>]
File: ./images/Flag_of_Brazil.png Graphic file (type png)
<use ./images/Flag_of_Brazil.png>
Package pdftex.def Info: ./images/Flag_of_Brazil.png  used on input line 294.
(pdftex.def)             Requested size: 278.83578pt x 195.19087pt.


[14

]

[15

]
<./images/BilliardTable1a.jpg, id=1541, 761.84625pt x 401.5pt>
File: ./images/BilliardTable1a.jpg Graphic file (type jpg)
<use ./images/BilliardTable1a.jpg>
Package pdftex.def Info: ./images/BilliardTable1a.jpg  used on input line 353.
(pdftex.def)             Requested size: 234.73521pt x 123.70403pt.

Overfull \vbox (13.49304pt too high) detected at line 353
 []



[16

 <./images/BilliardTable1a.jpg>]
<./images/BilliardTable2a.jpg, id=1595, 761.84625pt x 401.5pt>
File: ./images/BilliardTable2a.jpg Graphic file (type jpg)
<use ./images/BilliardTable2a.jpg>
Package pdftex.def Info: ./images/BilliardTable2a.jpg  used on input line 353.
(pdftex.def)             Requested size: 234.73521pt x 123.70403pt.

Overfull \vbox (13.49304pt too high) detected at line 353
 []



[17

 <./images/BilliardTable2a.jpg>]
<./images/BilliardTable3a.jpg, id=1646, 761.84625pt x 401.5pt>
File: ./images/BilliardTable3a.jpg Graphic file (type jpg)
<use ./images/BilliardTable3a.jpg>
Package pdftex.def Info: ./images/BilliardTable3a.jpg  used on input line 353.
(pdftex.def)             Requested size: 234.73521pt x 123.70403pt.

Overfull \vbox (13.49304pt too high) detected at line 353
 []



[18

 <./images/BilliardTable3a.jpg>]
<./images/BilliardTable4a.jpg, id=1698, 761.84625pt x 401.5pt>
File: ./images/BilliardTable4a.jpg Graphic file (type jpg)
<use ./images/BilliardTable4a.jpg>
Package pdftex.def Info: ./images/BilliardTable4a.jpg  used on input line 353.
(pdftex.def)             Requested size: 234.73521pt x 123.70403pt.

Overfull \vbox (13.49304pt too high) detected at line 353
 []



[19

 <./images/BilliardTable4a.jpg>]
<./images/SampleTables.pdf, id=1794, 176.65439pt x 155.65134pt>
File: ./images/SampleTables.pdf Graphic file (type pdf)
<use ./images/SampleTables.pdf>
Package pdftex.def Info: ./images/SampleTables.pdf  used on input line 369.
(pdftex.def)             Requested size: 176.65395pt x 155.65094pt.


[20

 <./images/SampleTables.pdf>]
<./images/EllipticalTable1a.jpg, id=1891, 646.415pt x 462.72874pt>
File: ./images/EllipticalTable1a.jpg Graphic file (type jpg)
<use ./images/EllipticalTable1a.jpg>
Package pdftex.def Info: ./images/EllipticalTable1a.jpg  used on input line 390
.
(pdftex.def)             Requested size: 199.16928pt x 142.56891pt.

Overfull \vbox (26.53151pt too high) detected at line 390
 []



[21

 <./images/EllipticalTable1a.jpg>]
<./images/EllipticalTable2a.jpg, id=1945, 646.415pt x 462.72874pt>
File: ./images/EllipticalTable2a.jpg Graphic file (type jpg)
<use ./images/EllipticalTable2a.jpg>
Package pdftex.def Info: ./images/EllipticalTable2a.jpg  used on input line 390
.
(pdftex.def)             Requested size: 199.16928pt x 142.56891pt.

Overfull \vbox (26.53151pt too high) detected at line 390
 []



[22

 <./images/EllipticalTable2a.jpg>]
<./images/EllipticalTable3a.jpg, id=1997, 646.415pt x 462.72874pt>
File: ./images/EllipticalTable3a.jpg Graphic file (type jpg)
<use ./images/EllipticalTable3a.jpg>
Package pdftex.def Info: ./images/EllipticalTable3a.jpg  used on input line 390
.
(pdftex.def)             Requested size: 199.16928pt x 142.56891pt.

Overfull \vbox (26.53151pt too high) detected at line 390
 []



[23

 <./images/EllipticalTable3a.jpg>]
<./images/EllipticalTable4a.jpg, id=2048, 646.415pt x 462.72874pt>
File: ./images/EllipticalTable4a.jpg Graphic file (type jpg)
<use ./images/EllipticalTable4a.jpg>
Package pdftex.def Info: ./images/EllipticalTable4a.jpg  used on input line 390
.
(pdftex.def)             Requested size: 199.16928pt x 142.56891pt.

Overfull \vbox (18.13155pt too high) detected at line 390
 []



[24

 <./images/EllipticalTable4a.jpg>]
<./images/PolygonalBilliard00.pdf, id=2144, 72.72728pt x 36.83267pt>
File: ./images/PolygonalBilliard00.pdf Graphic file (type pdf)
<use ./images/PolygonalBilliard00.pdf>
Package pdftex.def Info: ./images/PolygonalBilliard00.pdf  used on input line 4
11.
(pdftex.def)             Requested size: 90.90884pt x 46.0407pt.
<./images/ConvexTable.pdf, id=2145, 113.18729pt x 98.27946pt>
File: ./images/ConvexTable.pdf Graphic file (type pdf)
<use ./images/ConvexTable.pdf>
Package pdftex.def Info: ./images/ConvexTable.pdf  used on input line 411.
(pdftex.def)             Requested size: 62.25319pt x 54.05385pt.
<./images/DispersiveBilliard.pdf, id=2146, 69.27907pt x 71.62076pt>
File: ./images/DispersiveBilliard.pdf Graphic file (type pdf)
<use ./images/DispersiveBilliard.pdf>
Package pdftex.def Info: ./images/DispersiveBilliard.pdf  used on input line 41
1.
(pdftex.def)             Requested size: 48.495pt x 50.13417pt.


[25

 <./images/PolygonalBilliard00.pdf> <./images/ConvexTable.pdf> <./images/Disper
siveBilliard.pdf>]
File: ./images/PolygonalBilliard00.pdf Graphic file (type pdf)
<use ./images/PolygonalBilliard00.pdf>
Package pdftex.def Info: ./images/PolygonalBilliard00.pdf  used on input line 4
11.
(pdftex.def)             Requested size: 90.90884pt x 46.0407pt.
File: ./images/ConvexTable.pdf Graphic file (type pdf)
<use ./images/ConvexTable.pdf>
Package pdftex.def Info: ./images/ConvexTable.pdf  used on input line 411.
(pdftex.def)             Requested size: 62.25319pt x 54.05385pt.
File: ./images/DispersiveBilliard.pdf Graphic file (type pdf)
<use ./images/DispersiveBilliard.pdf>
Package pdftex.def Info: ./images/DispersiveBilliard.pdf  used on input line 41
1.
(pdftex.def)             Requested size: 48.495pt x 50.13417pt.


[26

]
<./images/BilliardMap.pdf, id=2296, 314.30823pt x 223.18874pt>
File: ./images/BilliardMap.pdf Graphic file (type pdf)
<use ./images/BilliardMap.pdf>
Package pdftex.def Info: ./images/BilliardMap.pdf  used on input line 432.
(pdftex.def)             Requested size: 151.3706pt x 107.49036pt.


[27

 <./images/BilliardMap.pdf>]
<./images/CircularBilliardRulesCarroll1.png, id=2494, 351.3125pt x 314.67563pt>

File: ./images/CircularBilliardRulesCarroll1.png Graphic file (type png)
<use ./images/CircularBilliardRulesCarroll1.png>
Package pdftex.def Info: ./images/CircularBilliardRulesCarroll1.png  used on in
put line 496.
(pdftex.def)             Requested size: 239.00558pt x 214.08702pt.

Overfull \vbox (14.18423pt too high) detected at line 496
 []



[28

 <./images/CircularBilliardRulesCarroll1.png>]
<./images/CircularBilliard.pdf, id=2590, 22.26816pt x 22.30069pt>
File: ./images/CircularBilliard.pdf Graphic file (type pdf)
<use ./images/CircularBilliard.pdf>
Package pdftex.def Info: ./images/CircularBilliard.pdf  used on input line 508.

(pdftex.def)             Requested size: 159.333pt x 159.58342pt.


[29

 <./images/CircularBilliard.pdf>]
<./images/CirclePeriod2.pdf, id=2689, 34.42627pt x 34.82327pt>
File: ./images/CirclePeriod2.pdf Graphic file (type pdf)
<use ./images/CirclePeriod2.pdf>
Package pdftex.def Info: ./images/CirclePeriod2.pdf  used on input line 532.
(pdftex.def)             Requested size: 87.63496pt x 88.65628pt.
<./images/CirclePeriod3.pdf, id=2690, 34.1335pt x 35.61615pt>
File: ./images/CirclePeriod3.pdf Graphic file (type pdf)
<use ./images/CirclePeriod3.pdf>
Package pdftex.def Info: ./images/CirclePeriod3.pdf  used on input line 532.
(pdftex.def)             Requested size: 87.63496pt x 91.44276pt.
<./images/CirclePeriod5.pdf, id=2691, 33.87436pt x 35.5917pt>
File: ./images/CirclePeriod5.pdf Graphic file (type pdf)
<use ./images/CirclePeriod5.pdf>
Package pdftex.def Info: ./images/CirclePeriod5.pdf  used on input line 532.
(pdftex.def)             Requested size: 87.63496pt x 92.09688pt.
<./images/CirclePeriod7.pdf, id=2692, 33.83356pt x 35.5737pt>
File: ./images/CirclePeriod7.pdf Graphic file (type pdf)
<use ./images/CirclePeriod7.pdf>
Package pdftex.def Info: ./images/CirclePeriod7.pdf  used on input line 532.
(pdftex.def)             Requested size: 87.63496pt x 92.15663pt.

Overfull \hbox (0.20132pt too wide) in paragraph at lines 532--532
 [] 
 []



[30

 <./images/CirclePeriod2.pdf> <./images/CirclePeriod3.pdf> <./images/CirclePeri
od5.pdf> <./images/CirclePeriod7.pdf>]
<./images/CircleNPeriodic.pdf, id=2791, 33.87773pt x 35.90388pt>
File: ./images/CircleNPeriodic.pdf Graphic file (type pdf)
<use ./images/CircleNPeriodic.pdf>
Package pdftex.def Info: ./images/CircleNPeriodic.pdf  used on input line 546.
(pdftex.def)             Requested size: 139.42093pt x 147.77054pt.


[31

 <./images/CircleNPeriodic.pdf>]
<./images/Caustic.pdf, id=2889, 133.21472pt x 91.88573pt>
File: ./images/Caustic.pdf Graphic file (type pdf)
<use ./images/Caustic.pdf>
Package pdftex.def Info: ./images/Caustic.pdf  used on input line 568.
(pdftex.def)             Requested size: 159.333pt x 109.90897pt.


[32

 <./images/Caustic.pdf>]
<./images/Elliptipool2.jpg, id=2985, 151.56625pt x 172.645pt>
File: ./images/Elliptipool2.jpg Graphic file (type jpg)
<use ./images/Elliptipool2.jpg>
Package pdftex.def Info: ./images/Elliptipool2.jpg  used on input line 623.
(pdftex.def)             Requested size: 139.42093pt x 158.8116pt.
LaTeX Font Info:    Font shape `OT1/phv/m/it' in size <9> not available
(Font)              Font shape `OT1/phv/m/sl' tried instead on input line 623.
LaTeX Font Info:    Font shape `OT1/phv/m/sl' will be
(Font)              scaled to size 8.54997pt on input line 623.


[33

 <./images/Elliptipool2.jpg>]
<./images/EllBillEll.pdf, id=3081, 140.2048pt x 103.97394pt>
File: ./images/EllBillEll.pdf Graphic file (type pdf)
<use ./images/EllBillEll.pdf>
Package pdftex.def Info: ./images/EllBillEll.pdf  used on input line 632.
(pdftex.def)             Requested size: 280.40887pt x 207.94736pt.


[34

 <./images/EllBillEll.pdf>]
<./images/EllBillHyp.pdf, id=3187, 139.12135pt x 104.07687pt>
File: ./images/EllBillHyp.pdf Graphic file (type pdf)
<use ./images/EllBillHyp.pdf>
Package pdftex.def Info: ./images/EllBillHyp.pdf  used on input line 640.
(pdftex.def)             Requested size: 278.242pt x 208.15323pt.


[35

 <./images/EllBillHyp.pdf>]
<./images/EllBillFoc.pdf, id=3294, 142.65576pt x 104.25145pt>
File: ./images/EllBillFoc.pdf Graphic file (type pdf)
<use ./images/EllBillFoc.pdf>
Package pdftex.def Info: ./images/EllBillFoc.pdf  used on input line 647.
(pdftex.def)             Requested size: 285.31082pt x 208.50238pt.


[36

 <./images/EllBillFoc.pdf>]
<./images/Ellipse.pdf, id=3401, 363.3575pt x 250.9375pt>
File: ./images/Ellipse.pdf Graphic file (type pdf)
<use ./images/Ellipse.pdf>
Package pdftex.def Info: ./images/Ellipse.pdf  used on input line 669.
(pdftex.def)             Requested size: 179.25114pt x 123.79517pt.


[37

 <./images/Ellipse.pdf>]
File: ./images/Ellipse.pdf Graphic file (type pdf)
<use ./images/Ellipse.pdf>
Package pdftex.def Info: ./images/Ellipse.pdf  used on input line 669.
(pdftex.def)             Requested size: 179.25114pt x 123.79517pt.


[38

]
<./images/EllipseAlt.pdf, id=3549, 363.3575pt x 250.9375pt>
File: ./images/EllipseAlt.pdf Graphic file (type pdf)
<use ./images/EllipseAlt.pdf>
Package pdftex.def Info: ./images/EllipseAlt.pdf  used on input line 689.
(pdftex.def)             Requested size: 199.1693pt x 137.5489pt.


[39

 <./images/EllipseAlt.pdf>]
File: ./images/EllipseAlt.pdf Graphic file (type pdf)
<use ./images/EllipseAlt.pdf>
Package pdftex.def Info: ./images/EllipseAlt.pdf  used on input line 709.
(pdftex.def)             Requested size: 199.1693pt x 137.5489pt.


[40

]
<./images/EllipseProp1WTS.pdf, id=3740, 366.36874pt x 317.185pt>
File: ./images/EllipseProp1WTS.pdf Graphic file (type pdf)
<use ./images/EllipseProp1WTS.pdf>
Package pdftex.def Info: ./images/EllipseProp1WTS.pdf  used on input line 732.
(pdftex.def)             Requested size: 199.1693pt x 172.43405pt.


[41

 <./images/EllipseProp1WTS.pdf>]
File: ./images/EllipseProp1WTS.pdf Graphic file (type pdf)
<use ./images/EllipseProp1WTS.pdf>
Package pdftex.def Info: ./images/EllipseProp1WTS.pdf  used on input line 732.
(pdftex.def)             Requested size: 199.1693pt x 172.43405pt.


[42

]
LaTeX Font Info:    Font shape `OT1/phv/b/n' will be
(Font)              scaled to size 6.64998pt on input line 754.
<./images/EllipseProp1A.pdf, id=3886, 366.36874pt x 317.185pt>
File: ./images/EllipseProp1A.pdf Graphic file (type pdf)
<use ./images/EllipseProp1A.pdf>
Package pdftex.def Info: ./images/EllipseProp1A.pdf  used on input line 754.
(pdftex.def)             Requested size: 159.333pt x 137.94531pt.

Overfull \vbox (5.20985pt too high) detected at line 754
 []



[43

 <./images/EllipseProp1A.pdf>]
<./images/EllipseProp1B.pdf, id=3985, 388.45125pt x 340.27126pt>
File: ./images/EllipseProp1B.pdf Graphic file (type pdf)
<use ./images/EllipseProp1B.pdf>
Package pdftex.def Info: ./images/EllipseProp1B.pdf  used on input line 775.
(pdftex.def)             Requested size: 199.1693pt x 174.47061pt.

Overfull \vbox (19.62932pt too high) detected at line 775
 []



[44

 <./images/EllipseProp1B.pdf>]
<./images/EllipseProp1C.pdf, id=4081, 388.45125pt x 340.27126pt>
File: ./images/EllipseProp1C.pdf Graphic file (type pdf)
<use ./images/EllipseProp1C.pdf>
Package pdftex.def Info: ./images/EllipseProp1C.pdf  used on input line 796.
(pdftex.def)             Requested size: 199.1693pt x 174.47061pt.

Overfull \vbox (6.51614pt too high) detected at line 796
 []



[45

 <./images/EllipseProp1C.pdf>]
<./images/EllipseProp1D.png, id=4178, 432.11438pt x 385.44pt>
File: ./images/EllipseProp1D.png Graphic file (type png)
<use ./images/EllipseProp1D.png>
Package pdftex.def Info: ./images/EllipseProp1D.png  used on input line 818.
(pdftex.def)             Requested size: 159.333pt x 142.1224pt.


[46

 <./images/EllipseProp1D.png>]
File: ./images/EllipseProp1D.png Graphic file (type png)
<use ./images/EllipseProp1D.png>
Package pdftex.def Info: ./images/EllipseProp1D.png  used on input line 851.
(pdftex.def)             Requested size: 131.45245pt x 117.25026pt.

Overfull \vbox (5.3766pt too high) detected at line 851
 []



[47

]
<./images/EllipseProp1E.png, id=4369, 430.60875pt x 380.42125pt>
File: ./images/EllipseProp1E.png Graphic file (type png)
<use ./images/EllipseProp1E.png>
Package pdftex.def Info: ./images/EllipseProp1E.png  used on input line 872.
(pdftex.def)             Requested size: 131.45245pt x 116.12988pt.


[48

 <./images/EllipseProp1E.png>]
File: ./images/EllBillFoc.pdf Graphic file (type pdf)
<use ./images/EllBillFoc.pdf>
Package pdftex.def Info: ./images/EllBillFoc.pdf  used on input line 893.
(pdftex.def)             Requested size: 239.00558pt x 174.67992pt.

Overfull \vbox (36.71661pt too high) detected at line 893
 []



[49

]
File: ./images/EllBillHyp.pdf Graphic file (type pdf)
<use ./images/EllBillHyp.pdf>
Package pdftex.def Info: ./images/EllBillHyp.pdf  used on input line 917.
(pdftex.def)             Requested size: 159.333pt x 119.20627pt.
File: ./images/EllBillEll.pdf Graphic file (type pdf)
<use ./images/EllBillEll.pdf>
Package pdftex.def Info: ./images/EllBillEll.pdf  used on input line 917.
(pdftex.def)             Requested size: 159.333pt x 118.15868pt.


[50

]
<./images/EllipticPool.jpeg, id=4656, 4047.12pt x 3035.34pt>
File: ./images/EllipticPool.jpeg Graphic file (type jpg)
<use ./images/EllipticPool.jpeg>
Package pdftex.def Info: ./images/EllipticPool.jpeg  used on input line 928.
(pdftex.def)             Requested size: 239.00558pt x 179.24098pt.


[51

 <./images/EllipticPool.jpeg>]

[52

]
<./images/Period4a.pdf, id=4847, 450.7841pt x 506.321pt>
File: ./images/Period4a.pdf Graphic file (type pdf)
<use ./images/Period4a.pdf>
Package pdftex.def Info: ./images/Period4a.pdf  used on input line 1623.
(pdftex.def)             Requested size: 167.30147pt x 187.90755pt.
<./images/QuasiPeriodic.pdf, id=4848, 423.07178pt x 464.6654pt>
File: ./images/QuasiPeriodic.pdf Graphic file (type pdf)
<use ./images/QuasiPeriodic.pdf>
Package pdftex.def Info: ./images/QuasiPeriodic.pdf  used on input line 1623.
(pdftex.def)             Requested size: 167.30147pt x 183.74997pt.


[53

 <./images/Period4a.pdf> <./images/QuasiPeriodic.pdf>]
<./images/A1HyperboloidTrajectory1.pdf, id=4946, 336.56456pt x 301.48814pt>
File: ./images/A1HyperboloidTrajectory1.pdf Graphic file (type pdf)
<use ./images/A1HyperboloidTrajectory1.pdf>
Package pdftex.def Info: ./images/A1HyperboloidTrajectory1.pdf  used on input l
ine 1638.
(pdftex.def)             Requested size: 167.30147pt x 149.86502pt.
<./images/A2HyperboloidTrajectory1.pdf, id=4947, 344.1416pt x 269.12404pt>
File: ./images/A2HyperboloidTrajectory1.pdf Graphic file (type pdf)
<use ./images/A2HyperboloidTrajectory1.pdf>
Package pdftex.def Info: ./images/A2HyperboloidTrajectory1.pdf  used on input l
ine 1638.
(pdftex.def)             Requested size: 167.30147pt x 130.82887pt.


[54

 <./images/A1HyperboloidTrajectory1.pdf> <./images/A2HyperboloidTrajectory1.pdf


pdfTeX warning: pdflatex.exe (file ./images/A2HyperboloidTrajectory1.pdf): PDF 
inclusion: multiple pdfs with page group included in a single page
>]
LaTeX Font Info:    Font shape `OT1/phv/m/n' will be
(Font)              scaled to size 23.63593pt on input line 1661.


[55

]
\tf@nav=\write6
\openout6 = `442ApplicationsofGeometry.nav'.

\tf@toc=\write7
\openout7 = `442ApplicationsofGeometry.toc'.

\tf@snm=\write8
\openout8 = `442ApplicationsofGeometry.snm'.

 (./442ApplicationsofGeometry.aux)
 ***********
LaTeX2e <2024-06-01> patch level 1
L3 programming layer <2024-05-27>
 ***********


 *File List*
  beamer.cls    2024/01/06 v3.71 A class for typesetting presentations
beamerbasemodes.sty    
etoolbox.sty    2020/10/05 v2.5k e-TeX tools for LaTeX (JAW)
beamerbasedecode.sty    
   iftex.sty    2022/02/03 v1.0f TeX engine tests
beamerbaseoptions.sty    
  keyval.sty    2022/05/29 v1.15 key=value parser (DPC)
geometry.sty    2020/01/02 v5.9 Page Geometry
  ifvtex.sty    2019/10/25 v1.7 ifvtex legacy package. Use iftex instead.
 pgfmath.sty    
  pgfrcs.sty    2023-01-15 v3.1.10 (3.1.10)
pgfrcs.code.tex
 pgfkeys.sty    
pgfkeys.code.tex
pgfmath.code.tex
  size10.clo    2024/02/08 v1.4n Standard LaTeX file (size option)
 pgfcore.sty    2023-01-15 v3.1.10 (3.1.10)
graphicx.sty    2021/09/16 v1.2d Enhanced LaTeX Graphics (DPC,SPQR)
graphics.sty    2024/05/23 v1.4g Standard LaTeX Graphics (DPC,SPQR)
    trig.sty    2023/12/02 v1.11 sin cos tan (DPC)
graphics.cfg    2016/06/04 v1.11 sample graphics configuration
  pdftex.def    2024/04/13 v1.2c Graphics/color driver for pdftex
  pgfsys.sty    2023-01-15 v3.1.10 (3.1.10)
pgfsys.code.tex
pgfsyssoftpath.code.tex    2023-01-15 v3.1.10 (3.1.10)
pgfsysprotocol.code.tex    2023-01-15 v3.1.10 (3.1.10)
  xcolor.sty    2023/11/15 v3.01 LaTeX color extensions (UK)
   color.cfg    2016/01/02 v1.6 sample color configuration
mathcolor.ltx
dvipsnam.def    2016/06/17 v3.0m Driver-dependent file (DPC,SPQR)
pgfcore.code.tex
 xxcolor.sty    2003/10/24 ver 0.1
atbegshi-ltx.sty    2021/01/10 v1.0c Emulation of the original atbegshi
package with kernel methods
hyperref.sty    2024-05-23 v7.01i Hypertext links for LaTeX
kvsetkeys.sty    2022-10-05 v1.19 Key value parser (HO)
kvdefinekeys.sty    2019-12-19 v1.6 Define keys (HO)
pdfescape.sty    2019/12/09 v1.15 Implements pdfTeX's escape features (HO)
 ltxcmds.sty    2023-12-04 v1.26 LaTeX kernel commands for general use (HO)
pdftexcmds.sty    2020-06-27 v0.33 Utility functions of pdfTeX for LuaTeX (HO)
infwarerr.sty    2019/12/03 v1.5 Providing info/warning/error messages (HO)
 hycolor.sty    2020-01-27 v1.10 Color options for hyperref/bookmark (HO)
 nameref.sty    2023-11-26 v2.56 Cross-referencing by name of section
refcount.sty    2019/12/15 v3.6 Data extraction from label references (HO)
gettitlestring.sty    2019/12/15 v1.6 Cleanup title references (HO)
kvoptions.sty    2022-06-15 v3.15 Key value format for package options (HO)
stringenc.sty    2019/11/29 v1.12 Convert strings between diff. encodings (HO)
  pd1enc.def    2024-05-23 v7.01i Hyperref: PDFDocEncoding definition (HO)
 intcalc.sty    2019/12/15 v1.3 Expandable calculations with integers (HO)
   puenc.def    2024-05-23 v7.01i Hyperref: PDF Unicode definition (HO)
     url.sty    2013/09/16  ver 3.4  Verb mode for urls, etc.
  bitset.sty    2019/12/09 v1.3 Handle bit-vector datatype (HO)
bigintcalc.sty    2019/12/15 v1.5 Expandable calculations on big integers (HO)
 hpdftex.def    2024-05-23 v7.01i Hyperref driver for pdfTeX
atveryend-ltx.sty    2020/08/19 v1.0a Emulation of the original atveryend packa
ge
with kernel methods
rerunfilecheck.sty    2022-07-10 v1.10 Rerun checks for auxiliary files (HO)
uniquecounter.sty    2019/12/15 v1.4 Provide unlimited unique counter (HO)
beamerbaserequires.sty    
beamerbasecompatibility.sty    
beamerbasefont.sty    
 amssymb.sty    2013/01/14 v3.01 AMS font symbols
amsfonts.sty    2013/01/14 v3.01 Basic AMSFonts support
beamerbasetranslator.sty    
translator.sty    2021-05-31 v1.12d Easy translation of strings in LaTeX
beamerbasemisc.sty    
beamerbasetwoscreens.sty    
beamerbaseoverlay.sty    
beamerbasetitle.sty    
beamerbasesection.sty    
beamerbaseframe.sty    
beamerbaseverbatim.sty    
beamerbaseframesize.sty    
beamerbaseframecomponents.sty    
beamerbasecolor.sty    
beamerbasenotes.sty    
beamerbasetoc.sty    
beamerbasetemplates.sty    
beamerbaseauxtemplates.sty    
beamerbaseboxes.sty    
beamerbaselocalstructure.sty    
enumerate.sty    2023/07/04 v3.00 enumerate extensions (DPC)
beamerbasenavigation.sty    
beamerbasenavigationsymbols.tex
beamerbasetheorems.sty    
 amsmath.sty    2024/05/23 v2.17q AMS math features
 amstext.sty    2021/08/26 v2.01 AMS text
  amsgen.sty    1999/11/30 v2.0 generic functions
  amsbsy.sty    1999/11/29 v1.2d Bold Symbols
  amsopn.sty    2022/04/08 v2.04 operator names
  amsthm.sty    2020/05/29 v2.20.6
beamerbasethemes.sty    
beamerthemedefault.sty    
beamerfontthemedefault.sty    
beamercolorthemedefault.sty    
beamerinnerthemedefault.sty    
beamerouterthemedefault.sty    
beamerthemeCalPoly2023.sty    
beamerfontthemestructurebold.sty    
beamerfontthemeCalPoly2023.sty    
beamercolorthemeCalPoly2023.sty    
beamerinnerthemeCalPoly2023.sty    
    tikz.sty    2023-01-15 v3.1.10 (3.1.10)
     pgf.sty    2023-01-15 v3.1.10 (3.1.10)
pgfcomp-version-0-65.sty    2023-01-15 v3.1.10 (3.1.10)
pgfcomp-version-1-18.sty    2023-01-15 v3.1.10 (3.1.10)
  pgffor.sty    2023-01-15 v3.1.10 (3.1.10)
pgffor.code.tex
tikz.code.tex
  helvet.sty    2020/03/25 PSNFSS-v9.3 (WaS) 
   esint.sty    
mathtools.sty    2024/03/11 v1.30 mathematical typesetting tools
    calc.sty    2023/07/08 v4.3 Infix arithmetic (KKT,FJ)
 mhsetup.sty    2021/03/18 v1.4 programming setup (MH)
multirow.sty    2021/03/15 v2.8 Span multiple rows of a table
mathrsfs.sty    1996/01/01 Math RSFS package v1.0 (jk)
   float.sty    2001/11/08 v1.3d Float enhancements (AL)
   array.sty    2024/06/14 v2.6d Tabular extension package (FMi)
subfigure.sty    2002/03/15 v2.1.5 subfigure package
subfigure.cfg
multicol.sty    2024/05/23 v1.9h multicolumn formatting (FMi)
multimedia.sty    2012/05/02 ver 0.02
   ifpdf.sty    2019/10/25 v3.4 ifpdf legacy package. Use iftex instead.
beamerouterthemesmoothbars.sty    
  ot1phv.fd    2020/03/25 scalable font definitions for OT1/phv.
l3backend-pdftex.def    2024-05-08 L3 backend support: PDF output (pdfTeX)
supp-pdf.mkii
epstopdf-base.sty    2020-01-24 v2.11 Base part for package epstopdf
epstopdf-sys.cfg    2010/07/13 v1.3 Configuration of (r)epstopdf for TeX Live
442ApplicationsofGeometry.out
442ApplicationsofGeometry.out
translator-basic-dictionary-English.dict    
translator-bibliography-dictionary-English.dict    
translator-environment-dictionary-English.dict    
translator-months-dictionary-English.dict    
translator-numbers-dictionary-English.dict    
translator-theorem-dictionary-English.dict    
    umsa.fd    2013/01/14 v3.01 AMS symbols A
    umsb.fd    2013/01/14 v3.01 AMS symbols B
  uesint.fd    
   ursfs.fd    1998/03/24 rsfs font definition file (jk)
./images/Polaris.jpg
./images/Map_Nunavut.png
./images/Flag_of_Nunavut.png
./images/anlmap.png
./images/Flag_of_Alaska.png
./images/Flag_of_Australia.png
./images/Flag_of_New_Zealand.png
./images/Flag_of_Brazil.png
./images/Flag_of_Samoa.png
./images/Constellation_Crux.jpg
./images/Navigate_South.png
./images/Flag_of_Brazil.png
./images/BilliardTable1a.jpg
./images/BilliardTable2a.jpg
./images/BilliardTable3a.jpg
./images/BilliardTable4a.jpg
./images/SampleTables.pdf
./images/EllipticalTable1a.jpg
./images/EllipticalTable2a.jpg
./images/EllipticalTable3a.jpg
./images/EllipticalTable4a.jpg
./images/PolygonalBilliard00.pdf
./images/ConvexTable.pdf
./images/DispersiveBilliard.pdf
./images/PolygonalBilliard00.pdf
./images/ConvexTable.pdf
./images/DispersiveBilliard.pdf
./images/BilliardMap.pdf
./images/CircularBilliardRulesCarroll1.png
./images/CircularBilliard.pdf
./images/CirclePeriod2.pdf
./images/CirclePeriod3.pdf
./images/CirclePeriod5.pdf
./images/CirclePeriod7.pdf
./images/CircleNPeriodic.pdf
./images/Caustic.pdf
./images/Elliptipool2.jpg
./images/EllBillEll.pdf
./images/EllBillHyp.pdf
./images/EllBillFoc.pdf
./images/Ellipse.pdf
./images/Ellipse.pdf
./images/EllipseAlt.pdf
./images/EllipseAlt.pdf
./images/EllipseProp1WTS.pdf
./images/EllipseProp1WTS.pdf
./images/EllipseProp1A.pdf
./images/EllipseProp1B.pdf
./images/EllipseProp1C.pdf
./images/EllipseProp1D.png
./images/EllipseProp1D.png
./images/EllipseProp1E.png
./images/EllBillFoc.pdf
./images/EllBillHyp.pdf
./images/EllBillEll.pdf
./images/EllipticPool.jpeg
./images/Period4a.pdf
./images/QuasiPeriodic.pdf
./images/A1HyperboloidTrajectory1.pdf
./images/A2HyperboloidTrajectory1.pdf
 ***********

Package rerunfilecheck Info: File `442ApplicationsofGeometry.out' has not chang
ed.
(rerunfilecheck)             Checksum: DED84C7519A3D88FBA8F7245662245BA;504.
 ) 
Here is how much of TeX's memory you used:
 29772 strings out of 475517
 616602 string characters out of 5777237
 1960908 words of memory out of 5000000
 51687 multiletter control sequences out of 15000+600000
 585042 words of font info for 83 fonts, out of 8000000 for 9000
 36 hyphenation exceptions out of 8191
 102i,20n,123p,478b,806s stack positions out of 10000i,1000n,20000p,200000b,200000s
<c:/texlive/2024/texmf-dist/fonts/type1/public/amsfonts/cm/cmbx12.pfb><c:/tex
live/2024/texmf-dist/fonts/type1/public/amsfonts/cm/cmmi10.pfb><c:/texlive/2024
/texmf-dist/fonts/type1/public/amsfonts/cm/cmmi12.pfb><c:/texlive/2024/texmf-di
st/fonts/type1/public/amsfonts/cm/cmmi7.pfb><c:/texlive/2024/texmf-dist/fonts/t
ype1/public/amsfonts/cm/cmr10.pfb><c:/texlive/2024/texmf-dist/fonts/type1/publi
c/amsfonts/cm/cmr12.pfb><c:/texlive/2024/texmf-dist/fonts/type1/public/amsfonts
/cm/cmr7.pfb><c:/texlive/2024/texmf-dist/fonts/type1/public/amsfonts/cm/cmss10.
pfb><c:/texlive/2024/texmf-dist/fonts/type1/public/amsfonts/cm/cmss8.pfb><c:/te
xlive/2024/texmf-dist/fonts/type1/public/amsfonts/cm/cmsy10.pfb><c:/texlive/202
4/texmf-dist/fonts/type1/public/amsfonts/cm/cmsy7.pfb><c:/texlive/2024/texmf-di
st/fonts/type1/public/amsfonts/cm/cmsy8.pfb><c:/texlive/2024/texmf-dist/fonts/t
ype1/public/amsfonts/cm/cmtt10.pfb><c:/texlive/2024/texmf-dist/fonts/type1/publ
ic/amsfonts/cm/cmtt8.pfb><c:/texlive/2024/texmf-dist/fonts/type1/public/amsfont
s/symbols/msam10.pfb><c:/texlive/2024/texmf-dist/fonts/type1/public/amsfonts/sy
mbols/msam7.pfb><c:/texlive/2024/texmf-dist/fonts/type1/public/amsfonts/symbols
/msbm10.pfb><c:/texlive/2024/texmf-dist/fonts/type1/urw/helvetic/uhvb8a.pfb><c:
/texlive/2024/texmf-dist/fonts/type1/urw/helvetic/uhvr8a.pfb><c:/texlive/2024/t
exmf-dist/fonts/type1/urw/helvetic/uhvro8a.pfb>
Output written on 442ApplicationsofGeometry.pdf (55 pages, 8809135 bytes).
PDF statistics:
 5194 PDF objects out of 6186 (max. 8388607)
 2954 compressed objects within 30 object streams
 114 named destinations out of 1000 (max. 500000)
 356 words of extra memory for PDF output out of 10000 (max. 10000000)

